<?xml version="1.0" encoding="UTF-8"?>
<TestRun id="332d5a29-a338-4a95-800a-c8bf057a9d7b" name="daash@DAASH2-WIN7 2017-06-08 14:16:41" runUser="NA\daash" xmlns="http://microsoft.com/schemas/VisualStudio/TeamTest/2010">
  <TestSettings name="Default Test Settings" id="7d143236-6168-4a49-b238-38712d966487">
    <Deployment userDeploymentRoot="E:\Programming\RunTimeMVVM" useDefaultDeploymentRoot="false" runDeploymentRoot="daash_DAASH2-WIN7 2017-06-08 14_16_41" />
    <Execution>
      <TestTypeSpecific />
      <AgentRule name="Execution Agents">
      </AgentRule>
    </Execution>
    <Properties />
  </TestSettings>
  <Times creation="2017-06-08T14:16:41.2263655-04:00" queuing="2017-06-08T14:16:44.4519775-04:00" start="2017-06-08T14:16:44.7211120-04:00" finish="2017-06-08T14:16:50.9902450-04:00" />
  <ResultSummary outcome="Completed">
    <Counters total="237" executed="237" passed="237" error="0" failed="0" timeout="0" aborted="0" inconclusive="0" passedButRunAborted="0" notRunnable="0" notExecuted="0" disconnected="0" warning="0" completed="0" inProgress="0" pending="0" />
  </ResultSummary>
  <TestDefinitions>
    <UnitTest name="ShowSplitsTest" storage="e:\programming\runtimemvvm\viewmodels\viewmodelstest\bin\debug\viewmodelstest.dll" id="b33c5b05-4e03-9576-bffe-c586615e2605">
      <Execution id="902c5365-8821-4da2-a0e7-f49440577a3c" />
      <TestMethod codeBase="E:/Programming/RunTimeMVVM/ViewModels/ViewModelsTest/bin/Debug/ViewModelsTest.DLL" adapterTypeName="Microsoft.VisualStudio.TestTools.TestTypes.Unit.UnitTestAdapter, Microsoft.VisualStudio.QualityTools.Tips.UnitTest.Adapter, Version=14.0.0.0, Culture=neutral, PublicKeyToken=b03f5f7f11d50a3a" className="ViewModels.Tests.WpfTests, ViewModelsTest, Version=1.0.0.0, Culture=neutral, PublicKeyToken=null" name="ShowSplitsTest" />
    </UnitTest>
    <UnitTest name="ConvertDistanceToPaceTypeTest" storage="e:\programming\runtimemvvm\model\modeltest\bin\debug\modeltest.dll" id="259ab341-e267-8abc-abdd-05729df9279c">
      <DeploymentItems>
        <DeploymentItem filename="../../UnitTestData/SanitizeDistanceForTime.csv" />
      </DeploymentItems>
      <Execution id="7fe9c471-2db6-407b-958e-e0b112f3e7eb" />
      <TestMethod codeBase="E:/Programming/RunTimeMVVM/Model/ModelTest/bin/Debug/ModelTest.DLL" adapterTypeName="Microsoft.VisualStudio.TestTools.TestTypes.Unit.UnitTestAdapter, Microsoft.VisualStudio.QualityTools.Tips.UnitTest.Adapter, Version=14.0.0.0, Culture=neutral, PublicKeyToken=b03f5f7f11d50a3a" className="Model.Tests.CalculationsTests, ModelTest, Version=1.0.0.0, Culture=neutral, PublicKeyToken=null" name="ConvertDistanceToPaceTypeTest" />
      <DataSource connectionString="|DataDirectory|\SanitizeDistanceForTime.csv" providerInvariantName="Microsoft.VisualStudio.TestTools.DataSource.CSV" tableName="SanitizeDistanceForTime#csv" />
    </UnitTest>
    <UnitTest name="SplitDistanceTypeSetTest" storage="e:\programming\runtimemvvm\viewmodels\viewmodelstest\bin\debug\viewmodelstest.dll" id="c8c6d4e8-f26a-57ab-78fa-237db9384f8d">
      <DeploymentItems>
        <DeploymentItem filename="../../UnitTestData/DistanceTypeTest.csv" />
      </DeploymentItems>
      <Execution id="64193053-0bb7-4d2e-8e5b-a18724221966" />
      <TestMethod codeBase="E:/Programming/RunTimeMVVM/ViewModels/ViewModelsTest/bin/Debug/ViewModelsTest.DLL" adapterTypeName="Microsoft.VisualStudio.TestTools.TestTypes.Unit.UnitTestAdapter, Microsoft.VisualStudio.QualityTools.Tips.UnitTest.Adapter, Version=14.0.0.0, Culture=neutral, PublicKeyToken=b03f5f7f11d50a3a" className="ViewModels.Tests.WpfTests, ViewModelsTest, Version=1.0.0.0, Culture=neutral, PublicKeyToken=null" name="SplitDistanceTypeSetTest" />
      <DataSource connectionString="|DataDirectory|\DistanceTypeTest.csv" providerInvariantName="Microsoft.VisualStudio.TestTools.DataSource.CSV" tableName="DistanceTypeTest#csv" />
    </UnitTest>
    <UnitTest name="ParseDistanceStringTest" storage="e:\programming\runtimemvvm\model\modeltest\bin\debug\modeltest.dll" id="96b7c5fd-2c4e-c946-9cef-23a49901cf4c">
      <DeploymentItems>
        <DeploymentItem filename="../../UnitTestData/ParseDistanceStringTest.csv" />
      </DeploymentItems>
      <Execution id="403d9591-466e-44af-b64c-5ddecad38fba" />
      <TestMethod codeBase="E:/Programming/RunTimeMVVM/Model/ModelTest/bin/Debug/ModelTest.DLL" adapterTypeName="Microsoft.VisualStudio.TestTools.TestTypes.Unit.UnitTestAdapter, Microsoft.VisualStudio.QualityTools.Tips.UnitTest.Adapter, Version=14.0.0.0, Culture=neutral, PublicKeyToken=b03f5f7f11d50a3a" className="Model.Tests.ParseStringsTests, ModelTest, Version=1.0.0.0, Culture=neutral, PublicKeyToken=null" name="ParseDistanceStringTest" />
      <DataSource connectionString="|DataDirectory|\ParseDistanceStringTest.csv" providerInvariantName="Microsoft.VisualStudio.TestTools.DataSource.CSV" tableName="ParseDistanceStringTest#csv" />
    </UnitTest>
    <UnitTest name="DistanceTest" storage="e:\programming\runtimemvvm\viewmodels\viewmodelstest\bin\debug\viewmodelstest.dll" id="d4ece7a6-dfcc-f36a-c1fd-15853174c045">
      <DeploymentItems>
        <DeploymentItem filename="../../UnitTestData/DistanceTest.csv" />
      </DeploymentItems>
      <Execution id="c745e240-146e-4476-904f-b388d208c8f3" />
      <TestMethod codeBase="E:/Programming/RunTimeMVVM/ViewModels/ViewModelsTest/bin/Debug/ViewModelsTest.DLL" adapterTypeName="Microsoft.VisualStudio.TestTools.TestTypes.Unit.UnitTestAdapter, Microsoft.VisualStudio.QualityTools.Tips.UnitTest.Adapter, Version=14.0.0.0, Culture=neutral, PublicKeyToken=b03f5f7f11d50a3a" className="ViewModels.Tests.WpfTests, ViewModelsTest, Version=1.0.0.0, Culture=neutral, PublicKeyToken=null" name="DistanceTest" />
      <DataSource connectionString="|DataDirectory|\DistanceTest.csv" providerInvariantName="Microsoft.VisualStudio.TestTools.DataSource.CSV" tableName="DistanceTest#csv" />
    </UnitTest>
    <UnitTest name="PaceTwiceTest" storage="e:\programming\runtimemvvm\viewmodels\viewmodelstest\bin\debug\viewmodelstest.dll" id="ce0066b6-b9f3-6fe3-365a-46a9b93b4d88">
      <Execution id="2c1afc93-89a5-45e6-ab8f-51b91e4ee71e" />
      <TestMethod codeBase="E:/Programming/RunTimeMVVM/ViewModels/ViewModelsTest/bin/Debug/ViewModelsTest.DLL" adapterTypeName="Microsoft.VisualStudio.TestTools.TestTypes.Unit.UnitTestAdapter, Microsoft.VisualStudio.QualityTools.Tips.UnitTest.Adapter, Version=14.0.0.0, Culture=neutral, PublicKeyToken=b03f5f7f11d50a3a" className="ViewModels.Tests.WpfTests, ViewModelsTest, Version=1.0.0.0, Culture=neutral, PublicKeyToken=null" name="PaceTwiceTest" />
    </UnitTest>
    <UnitTest name="DistanceTwiceTest" storage="e:\programming\runtimemvvm\viewmodels\viewmodelstest\bin\debug\viewmodelstest.dll" id="0e7b886a-2876-55be-3ed5-fd4e333f81f0">
      <Execution id="db1c2e7d-12f5-4f03-8ebf-f37485d20d9c" />
      <TestMethod codeBase="E:/Programming/RunTimeMVVM/ViewModels/ViewModelsTest/bin/Debug/ViewModelsTest.DLL" adapterTypeName="Microsoft.VisualStudio.TestTools.TestTypes.Unit.UnitTestAdapter, Microsoft.VisualStudio.QualityTools.Tips.UnitTest.Adapter, Version=14.0.0.0, Culture=neutral, PublicKeyToken=b03f5f7f11d50a3a" className="ViewModels.Tests.WpfTests, ViewModelsTest, Version=1.0.0.0, Culture=neutral, PublicKeyToken=null" name="DistanceTwiceTest" />
    </UnitTest>
    <UnitTest name="CalcClearSplitsTest" storage="e:\programming\runtimemvvm\model\modeltest\bin\debug\modeltest.dll" id="a510e561-591c-2551-4508-6e2e58cac013">
      <Execution id="2b0fb8f2-3eaa-4833-a54e-b34cb7e75668" />
      <TestMethod codeBase="E:/Programming/RunTimeMVVM/Model/ModelTest/bin/Debug/ModelTest.DLL" adapterTypeName="Microsoft.VisualStudio.TestTools.TestTypes.Unit.UnitTestAdapter, Microsoft.VisualStudio.QualityTools.Tips.UnitTest.Adapter, Version=14.0.0.0, Culture=neutral, PublicKeyToken=b03f5f7f11d50a3a" className="Model.Tests.CalculationsTests, ModelTest, Version=1.0.0.0, Culture=neutral, PublicKeyToken=null" name="CalcClearSplitsTest" />
    </UnitTest>
    <UnitTest name="DistanceTypeSetTest" storage="e:\programming\runtimemvvm\viewmodels\viewmodelstest\bin\debug\viewmodelstest.dll" id="4d30b715-8507-120d-d869-6ce606a6d642">
      <DeploymentItems>
        <DeploymentItem filename="../../UnitTestData/DistanceTypeTest.csv" />
      </DeploymentItems>
      <Execution id="fb1917a1-0ea7-41c8-8214-b162d3ad7942" />
      <TestMethod codeBase="E:/Programming/RunTimeMVVM/ViewModels/ViewModelsTest/bin/Debug/ViewModelsTest.DLL" adapterTypeName="Microsoft.VisualStudio.TestTools.TestTypes.Unit.UnitTestAdapter, Microsoft.VisualStudio.QualityTools.Tips.UnitTest.Adapter, Version=14.0.0.0, Culture=neutral, PublicKeyToken=b03f5f7f11d50a3a" className="ViewModels.Tests.WpfTests, ViewModelsTest, Version=1.0.0.0, Culture=neutral, PublicKeyToken=null" name="DistanceTypeSetTest" />
      <DataSource connectionString="|DataDirectory|\DistanceTypeTest.csv" providerInvariantName="Microsoft.VisualStudio.TestTools.DataSource.CSV" tableName="DistanceTypeTest#csv" />
    </UnitTest>
    <UnitTest name="CalcPaceTest" storage="e:\programming\runtimemvvm\viewmodels\viewmodelstest\bin\debug\viewmodelstest.dll" id="e8a07daf-5b02-51ce-6967-c7ba608d6220">
      <DeploymentItems>
        <DeploymentItem filename="../../UnitTestData/BooleanSetTest.csv" />
      </DeploymentItems>
      <Execution id="a6647f80-c6b6-4973-bb81-00f7e5f0696c" />
      <TestMethod codeBase="E:/Programming/RunTimeMVVM/ViewModels/ViewModelsTest/bin/Debug/ViewModelsTest.DLL" adapterTypeName="Microsoft.VisualStudio.TestTools.TestTypes.Unit.UnitTestAdapter, Microsoft.VisualStudio.QualityTools.Tips.UnitTest.Adapter, Version=14.0.0.0, Culture=neutral, PublicKeyToken=b03f5f7f11d50a3a" className="ViewModels.Tests.WpfTests, ViewModelsTest, Version=1.0.0.0, Culture=neutral, PublicKeyToken=null" name="CalcPaceTest" />
      <DataSource connectionString="|DataDirectory|\BooleanSetTest.csv" providerInvariantName="Microsoft.VisualStudio.TestTools.DataSource.CSV" tableName="BooleanSetTest#csv" />
    </UnitTest>
    <UnitTest name="CalcPaceHandlerTest" storage="e:\programming\runtimemvvm\model\modeltest\bin\debug\modeltest.dll" id="f089eeb3-ec6e-435c-e8e6-b04c14b96ae9">
      <Execution id="e11f87ce-ecef-4750-a50e-e13688bc3b3f" />
      <TestMethod codeBase="E:/Programming/RunTimeMVVM/Model/ModelTest/bin/Debug/ModelTest.DLL" adapterTypeName="Microsoft.VisualStudio.TestTools.TestTypes.Unit.UnitTestAdapter, Microsoft.VisualStudio.QualityTools.Tips.UnitTest.Adapter, Version=14.0.0.0, Culture=neutral, PublicKeyToken=b03f5f7f11d50a3a" className="Model.Tests.CalculationsTests, ModelTest, Version=1.0.0.0, Culture=neutral, PublicKeyToken=null" name="CalcPaceHandlerTest" />
    </UnitTest>
    <UnitTest name="RaiseCanExecuteChangedTest" storage="e:\programming\runtimemvvm\viewmodels\viewmodelstest\bin\debug\viewmodelstest.dll" id="513c33f5-883d-a96a-5ffd-bbc6d67997c9">
      <Execution id="8883b6d1-6811-4b3b-8481-35c8b13fe7b1" />
      <TestMethod codeBase="E:/Programming/RunTimeMVVM/ViewModels/ViewModelsTest/bin/Debug/ViewModelsTest.DLL" adapterTypeName="Microsoft.VisualStudio.TestTools.TestTypes.Unit.UnitTestAdapter, Microsoft.VisualStudio.QualityTools.Tips.UnitTest.Adapter, Version=14.0.0.0, Culture=neutral, PublicKeyToken=b03f5f7f11d50a3a" className="ViewModels.Tests.DelegateCommandTests, ViewModelsTest, Version=1.0.0.0, Culture=neutral, PublicKeyToken=null" name="RaiseCanExecuteChangedTest" />
    </UnitTest>
    <UnitTest name="CanExecuteTest" storage="e:\programming\runtimemvvm\viewmodels\viewmodelstest\bin\debug\viewmodelstest.dll" id="973c0897-4733-e319-5827-2503fe5bba8d">
      <Execution id="adaaaa81-b390-4e1e-a7b3-39e9f77e923c" />
      <TestMethod codeBase="E:/Programming/RunTimeMVVM/ViewModels/ViewModelsTest/bin/Debug/ViewModelsTest.DLL" adapterTypeName="Microsoft.VisualStudio.TestTools.TestTypes.Unit.UnitTestAdapter, Microsoft.VisualStudio.QualityTools.Tips.UnitTest.Adapter, Version=14.0.0.0, Culture=neutral, PublicKeyToken=b03f5f7f11d50a3a" className="ViewModels.Tests.DelegateCommandTests, ViewModelsTest, Version=1.0.0.0, Culture=neutral, PublicKeyToken=null" name="CanExecuteTest" />
    </UnitTest>
    <UnitTest name="TimeTest" storage="e:\programming\runtimemvvm\viewmodels\viewmodelstest\bin\debug\viewmodelstest.dll" id="ea423c44-659f-0f83-73d3-7bee7f981cb7">
      <DeploymentItems>
        <DeploymentItem filename="../../UnitTestData/TimeTest.csv" />
      </DeploymentItems>
      <Execution id="ec575017-4929-4e47-839b-ba201c24ba11" />
      <TestMethod codeBase="E:/Programming/RunTimeMVVM/ViewModels/ViewModelsTest/bin/Debug/ViewModelsTest.DLL" adapterTypeName="Microsoft.VisualStudio.TestTools.TestTypes.Unit.UnitTestAdapter, Microsoft.VisualStudio.QualityTools.Tips.UnitTest.Adapter, Version=14.0.0.0, Culture=neutral, PublicKeyToken=b03f5f7f11d50a3a" className="ViewModels.Tests.WpfTests, ViewModelsTest, Version=1.0.0.0, Culture=neutral, PublicKeyToken=null" name="TimeTest" />
      <DataSource connectionString="|DataDirectory|\TimeTest.csv" providerInvariantName="Microsoft.VisualStudio.TestTools.DataSource.CSV" tableName="TimeTest#csv" />
    </UnitTest>
    <UnitTest name="ParseSplitDistanceStringTest" storage="e:\programming\runtimemvvm\model\modeltest\bin\debug\modeltest.dll" id="a8abe4d7-81b5-4dbf-f910-a21ffe51e705">
      <DeploymentItems>
        <DeploymentItem filename="../../UnitTestData/ParseSplitDistanceStringTest.csv" />
      </DeploymentItems>
      <Execution id="81801546-a7ac-4de6-ba57-995c9c3cac49" />
      <TestMethod codeBase="E:/Programming/RunTimeMVVM/Model/ModelTest/bin/Debug/ModelTest.DLL" adapterTypeName="Microsoft.VisualStudio.TestTools.TestTypes.Unit.UnitTestAdapter, Microsoft.VisualStudio.QualityTools.Tips.UnitTest.Adapter, Version=14.0.0.0, Culture=neutral, PublicKeyToken=b03f5f7f11d50a3a" className="Model.Tests.ParseStringsTests, ModelTest, Version=1.0.0.0, Culture=neutral, PublicKeyToken=null" name="ParseSplitDistanceStringTest" />
      <DataSource connectionString="|DataDirectory|\ParseSplitDistanceStringTest.csv" providerInvariantName="Microsoft.VisualStudio.TestTools.DataSource.CSV" tableName="ParseSplitDistanceStringTest#csv" />
    </UnitTest>
    <UnitTest name="ConvertDistanceToDistanceTypeTest" storage="e:\programming\runtimemvvm\model\modeltest\bin\debug\modeltest.dll" id="14799652-f962-307e-4c97-1c87bb0d61fc">
      <DeploymentItems>
        <DeploymentItem filename="../../UnitTestData/SanitizeDistanceForDistance.csv" />
      </DeploymentItems>
      <Execution id="dfec7bb4-695b-4a4b-8dbc-4f39f8ab6dba" />
      <TestMethod codeBase="E:/Programming/RunTimeMVVM/Model/ModelTest/bin/Debug/ModelTest.DLL" adapterTypeName="Microsoft.VisualStudio.TestTools.TestTypes.Unit.UnitTestAdapter, Microsoft.VisualStudio.QualityTools.Tips.UnitTest.Adapter, Version=14.0.0.0, Culture=neutral, PublicKeyToken=b03f5f7f11d50a3a" className="Model.Tests.CalculationsTests, ModelTest, Version=1.0.0.0, Culture=neutral, PublicKeyToken=null" name="ConvertDistanceToDistanceTypeTest" />
      <DataSource connectionString="|DataDirectory|\SanitizeDistanceForDistance.csv" providerInvariantName="Microsoft.VisualStudio.TestTools.DataSource.CSV" tableName="SanitizeDistanceForDistance#csv" />
    </UnitTest>
    <UnitTest name="ShowSplitsEnableTest" storage="e:\programming\runtimemvvm\viewmodels\viewmodelstest\bin\debug\viewmodelstest.dll" id="7e003815-3c82-2ef5-04be-edaf88856429">
      <Execution id="0ce68bd4-424d-4528-bd24-36c7c6db0737" />
      <TestMethod codeBase="E:/Programming/RunTimeMVVM/ViewModels/ViewModelsTest/bin/Debug/ViewModelsTest.DLL" adapterTypeName="Microsoft.VisualStudio.TestTools.TestTypes.Unit.UnitTestAdapter, Microsoft.VisualStudio.QualityTools.Tips.UnitTest.Adapter, Version=14.0.0.0, Culture=neutral, PublicKeyToken=b03f5f7f11d50a3a" className="ViewModels.Tests.WpfTests, ViewModelsTest, Version=1.0.0.0, Culture=neutral, PublicKeyToken=null" name="ShowSplitsEnableTest" />
    </UnitTest>
    <UnitTest name="ParseDistanceTypeTest" storage="e:\programming\runtimemvvm\model\modeltest\bin\debug\modeltest.dll" id="ecaa6c99-463d-153e-a697-4a3ffae12ff8">
      <DeploymentItems>
        <DeploymentItem filename="../../UnitTestData/ParseDistanceTypeTest.csv" />
      </DeploymentItems>
      <Execution id="3afa49e4-4191-4265-8c4b-561b67e6c33b" />
      <TestMethod codeBase="E:/Programming/RunTimeMVVM/Model/ModelTest/bin/Debug/ModelTest.DLL" adapterTypeName="Microsoft.VisualStudio.TestTools.TestTypes.Unit.UnitTestAdapter, Microsoft.VisualStudio.QualityTools.Tips.UnitTest.Adapter, Version=14.0.0.0, Culture=neutral, PublicKeyToken=b03f5f7f11d50a3a" className="Model.Tests.ParseStringsTests, ModelTest, Version=1.0.0.0, Culture=neutral, PublicKeyToken=null" name="ParseDistanceTypeTest" />
      <DataSource connectionString="|DataDirectory|\ParseDistanceTypeTest.csv" providerInvariantName="Microsoft.VisualStudio.TestTools.DataSource.CSV" tableName="ParseDistanceTypeTest#csv" />
    </UnitTest>
    <UnitTest name="CalculateTypeTestWithSplits" storage="e:\programming\runtimemvvm\viewmodels\viewmodelstest\bin\debug\viewmodelstest.dll" id="1f6e491f-3638-7f34-7853-423035ebd506">
      <DeploymentItems>
        <DeploymentItem filename="../../UnitTestData/CalculateTypeTestWithSplits.csv" />
      </DeploymentItems>
      <Execution id="866371cb-2fd9-4188-82b1-6092f9e8b157" />
      <TestMethod codeBase="E:/Programming/RunTimeMVVM/ViewModels/ViewModelsTest/bin/Debug/ViewModelsTest.DLL" adapterTypeName="Microsoft.VisualStudio.TestTools.TestTypes.Unit.UnitTestAdapter, Microsoft.VisualStudio.QualityTools.Tips.UnitTest.Adapter, Version=14.0.0.0, Culture=neutral, PublicKeyToken=b03f5f7f11d50a3a" className="ViewModels.Tests.WpfTests, ViewModelsTest, Version=1.0.0.0, Culture=neutral, PublicKeyToken=null" name="CalculateTypeTestWithSplits" />
      <DataSource connectionString="|DataDirectory|\CalculateTypeTestWithSplits.csv" providerInvariantName="Microsoft.VisualStudio.TestTools.DataSource.CSV" tableName="CalculateTypeTestWithSplits#csv" />
    </UnitTest>
    <UnitTest name="ConvertDistanceToSplitDistanceTypeTest" storage="e:\programming\runtimemvvm\model\modeltest\bin\debug\modeltest.dll" id="08f72343-3997-8a76-946a-3c27378c9d40">
      <DeploymentItems>
        <DeploymentItem filename="../../UnitTestData/SanitizeDistanceForSplitsTest.csv" />
      </DeploymentItems>
      <Execution id="9ca48fcb-bb41-4ac3-8070-a7afb53be570" />
      <TestMethod codeBase="E:/Programming/RunTimeMVVM/Model/ModelTest/bin/Debug/ModelTest.DLL" adapterTypeName="Microsoft.VisualStudio.TestTools.TestTypes.Unit.UnitTestAdapter, Microsoft.VisualStudio.QualityTools.Tips.UnitTest.Adapter, Version=14.0.0.0, Culture=neutral, PublicKeyToken=b03f5f7f11d50a3a" className="Model.Tests.CalculationsTests, ModelTest, Version=1.0.0.0, Culture=neutral, PublicKeyToken=null" name="ConvertDistanceToSplitDistanceTypeTest" />
      <DataSource connectionString="|DataDirectory|\SanitizeDistanceForSplitsTest.csv" providerInvariantName="Microsoft.VisualStudio.TestTools.DataSource.CSV" tableName="SanitizeDistanceForSplitsTest#csv" />
    </UnitTest>
    <UnitTest name="CalcSplitsHandlerTest" storage="e:\programming\runtimemvvm\model\modeltest\bin\debug\modeltest.dll" id="d6d419f2-d50b-1ed7-bbff-6b4d717138a3">
      <DeploymentItems>
        <DeploymentItem filename="../../UnitTestData/calcSplitTest4.csv" />
      </DeploymentItems>
      <Execution id="8c46b556-b1fc-4e17-9e1f-2c2f1deb2e65" />
      <TestMethod codeBase="E:/Programming/RunTimeMVVM/Model/ModelTest/bin/Debug/ModelTest.DLL" adapterTypeName="Microsoft.VisualStudio.TestTools.TestTypes.Unit.UnitTestAdapter, Microsoft.VisualStudio.QualityTools.Tips.UnitTest.Adapter, Version=14.0.0.0, Culture=neutral, PublicKeyToken=b03f5f7f11d50a3a" className="Model.Tests.CalculationsTests, ModelTest, Version=1.0.0.0, Culture=neutral, PublicKeyToken=null" name="CalcSplitsHandlerTest" />
    </UnitTest>
    <UnitTest name="ValidBaseDataTest" storage="e:\programming\runtimemvvm\model\modeltest\bin\debug\modeltest.dll" id="dcda3437-6fae-87bb-9dc9-3024882b61c8">
      <DeploymentItems>
        <DeploymentItem filename="../../UnitTestData/ValidBaseDataTest.csv" />
      </DeploymentItems>
      <Execution id="24a2f8f0-9686-40b0-bc10-a30393c07873" />
      <TestMethod codeBase="E:/Programming/RunTimeMVVM/Model/ModelTest/bin/Debug/ModelTest.DLL" adapterTypeName="Microsoft.VisualStudio.TestTools.TestTypes.Unit.UnitTestAdapter, Microsoft.VisualStudio.QualityTools.Tips.UnitTest.Adapter, Version=14.0.0.0, Culture=neutral, PublicKeyToken=b03f5f7f11d50a3a" className="Model.Tests.DataTests, ModelTest, Version=1.0.0.0, Culture=neutral, PublicKeyToken=null" name="ValidBaseDataTest" />
      <DataSource connectionString="|DataDirectory|\ValidBaseDataTest.csv" providerInvariantName="Microsoft.VisualStudio.TestTools.DataSource.CSV" tableName="ValidBaseDataTest#csv" />
    </UnitTest>
    <UnitTest name="CalcSplitsTest" storage="e:\programming\runtimemvvm\model\modeltest\bin\debug\modeltest.dll" id="48fda642-36d1-d54a-bcac-2f1a04f4134e">
      <DeploymentItems>
        <DeploymentItem filename="../../UnitTestData/calcSplitTest1.csv" />
        <DeploymentItem filename="../../UnitTestData/calcSplitTest0.csv" />
        <DeploymentItem filename="../../UnitTestData/calcSplitTest4.csv" />
        <DeploymentItem filename="../../UnitTestData/calcSplitTest3.csv" />
        <DeploymentItem filename="../../UnitTestData/calcSplitsTest.csv" />
        <DeploymentItem filename="../../UnitTestData/calcSplitTest2.csv" />
      </DeploymentItems>
      <Execution id="83139e52-8a68-40e7-8178-fe4bbc10ba67" />
      <TestMethod codeBase="E:/Programming/RunTimeMVVM/Model/ModelTest/bin/Debug/ModelTest.DLL" adapterTypeName="Microsoft.VisualStudio.TestTools.TestTypes.Unit.UnitTestAdapter, Microsoft.VisualStudio.QualityTools.Tips.UnitTest.Adapter, Version=14.0.0.0, Culture=neutral, PublicKeyToken=b03f5f7f11d50a3a" className="Model.Tests.CalculationsTests, ModelTest, Version=1.0.0.0, Culture=neutral, PublicKeyToken=null" name="CalcSplitsTest" />
      <DataSource connectionString="|DataDirectory|\CalcSplitsTest.csv" providerInvariantName="Microsoft.VisualStudio.TestTools.DataSource.CSV" tableName="CalcSplitsTest#csv" />
    </UnitTest>
    <UnitTest name="ShowSplitGridTest" storage="e:\programming\runtimemvvm\viewmodels\viewmodelstest\bin\debug\viewmodelstest.dll" id="573f90a6-3bed-88d9-2989-a37fdef43705">
      <DeploymentItems>
        <DeploymentItem filename="../../UnitTestData/ShowSplitGridTest.csv" />
      </DeploymentItems>
      <Execution id="a85926e2-44e1-4df8-944a-2b020b24853f" />
      <TestMethod codeBase="E:/Programming/RunTimeMVVM/ViewModels/ViewModelsTest/bin/Debug/ViewModelsTest.DLL" adapterTypeName="Microsoft.VisualStudio.TestTools.TestTypes.Unit.UnitTestAdapter, Microsoft.VisualStudio.QualityTools.Tips.UnitTest.Adapter, Version=14.0.0.0, Culture=neutral, PublicKeyToken=b03f5f7f11d50a3a" className="ViewModels.Tests.WpfTests, ViewModelsTest, Version=1.0.0.0, Culture=neutral, PublicKeyToken=null" name="ShowSplitGridTest" />
      <DataSource connectionString="|DataDirectory|\ShowSplitGridTest.csv" providerInvariantName="Microsoft.VisualStudio.TestTools.DataSource.CSV" tableName="ShowSplitGridTest#csv" />
    </UnitTest>
    <UnitTest name="WpfTest" storage="e:\programming\runtimemvvm\viewmodels\viewmodelstest\bin\debug\viewmodelstest.dll" id="8e50d2f6-acf1-6072-7c91-a2c4d972e8e7">
      <Execution id="f9b4bf3e-f85b-4832-bf31-c29738f479a6" />
      <TestMethod codeBase="E:/Programming/RunTimeMVVM/ViewModels/ViewModelsTest/bin/Debug/ViewModelsTest.DLL" adapterTypeName="Microsoft.VisualStudio.TestTools.TestTypes.Unit.UnitTestAdapter, Microsoft.VisualStudio.QualityTools.Tips.UnitTest.Adapter, Version=14.0.0.0, Culture=neutral, PublicKeyToken=b03f5f7f11d50a3a" className="ViewModels.Tests.WpfTests, ViewModelsTest, Version=1.0.0.0, Culture=neutral, PublicKeyToken=null" name="WpfTest" />
    </UnitTest>
    <UnitTest name="ValidExtendedDataTest" storage="e:\programming\runtimemvvm\model\modeltest\bin\debug\modeltest.dll" id="ca1075eb-be14-826b-1d75-41260c518816">
      <DeploymentItems>
        <DeploymentItem filename="../../UnitTestData/ValidExtendedDataTest.csv" />
      </DeploymentItems>
      <Execution id="fe4c9521-0405-4f9b-bf31-807fea74a0d6" />
      <TestMethod codeBase="E:/Programming/RunTimeMVVM/Model/ModelTest/bin/Debug/ModelTest.DLL" adapterTypeName="Microsoft.VisualStudio.TestTools.TestTypes.Unit.UnitTestAdapter, Microsoft.VisualStudio.QualityTools.Tips.UnitTest.Adapter, Version=14.0.0.0, Culture=neutral, PublicKeyToken=b03f5f7f11d50a3a" className="Model.Tests.DataTests, ModelTest, Version=1.0.0.0, Culture=neutral, PublicKeyToken=null" name="ValidExtendedDataTest" />
      <DataSource connectionString="|DataDirectory|\ValidExtendedDataTest.csv" providerInvariantName="Microsoft.VisualStudio.TestTools.DataSource.CSV" tableName="ValidExtendedDataTest#csv" />
    </UnitTest>
    <UnitTest name="ConvertTimeToStringTest" storage="e:\programming\runtimemvvm\viewmodels\viewmodelstest\bin\debug\viewmodelstest.dll" id="955e946c-c6de-a145-1b6d-54c9a254519b">
      <DeploymentItems>
        <DeploymentItem filename="../../UnitTestData/ConvertTimeToStringTest.csv" />
      </DeploymentItems>
      <Execution id="7d5b2ae5-5fc0-456c-a8dc-42ee2611f7e1" />
      <TestMethod codeBase="E:/Programming/RunTimeMVVM/ViewModels/ViewModelsTest/bin/Debug/ViewModelsTest.DLL" adapterTypeName="Microsoft.VisualStudio.TestTools.TestTypes.Unit.UnitTestAdapter, Microsoft.VisualStudio.QualityTools.Tips.UnitTest.Adapter, Version=14.0.0.0, Culture=neutral, PublicKeyToken=b03f5f7f11d50a3a" className="ViewModels.Tests.CreateStringsTests, ViewModelsTest, Version=1.0.0.0, Culture=neutral, PublicKeyToken=null" name="ConvertTimeToStringTest" />
      <DataSource connectionString="|DataDirectory|\ConvertTimeToStringTest.csv" providerInvariantName="Microsoft.VisualStudio.TestTools.DataSource.CSV" tableName="ConvertTimeToStringTest#csv" />
    </UnitTest>
    <UnitTest name="StringEventArgsTest" storage="e:\programming\runtimemvvm\model\modeltest\bin\debug\modeltest.dll" id="31cd6dee-9996-c457-aa25-7ffa59e8912b">
      <Execution id="e9f0665f-bbb0-4bb0-8383-3d24b72eb01b" />
      <TestMethod codeBase="E:/Programming/RunTimeMVVM/Model/ModelTest/bin/Debug/ModelTest.DLL" adapterTypeName="Microsoft.VisualStudio.TestTools.TestTypes.Unit.UnitTestAdapter, Microsoft.VisualStudio.QualityTools.Tips.UnitTest.Adapter, Version=14.0.0.0, Culture=neutral, PublicKeyToken=b03f5f7f11d50a3a" className="Model.Tests.StringEventArgsTests, ModelTest, Version=1.0.0.0, Culture=neutral, PublicKeyToken=null" name="StringEventArgsTest" />
    </UnitTest>
    <UnitTest name="SplitDistanceTest" storage="e:\programming\runtimemvvm\viewmodels\viewmodelstest\bin\debug\viewmodelstest.dll" id="effcf5e9-44fb-ca50-0e92-13a75fa3e826">
      <DeploymentItems>
        <DeploymentItem filename="../../UnitTestData/DistanceTest.csv" />
      </DeploymentItems>
      <Execution id="85c5a90f-de15-4fa1-abd4-b75246592c0e" />
      <TestMethod codeBase="E:/Programming/RunTimeMVVM/ViewModels/ViewModelsTest/bin/Debug/ViewModelsTest.DLL" adapterTypeName="Microsoft.VisualStudio.TestTools.TestTypes.Unit.UnitTestAdapter, Microsoft.VisualStudio.QualityTools.Tips.UnitTest.Adapter, Version=14.0.0.0, Culture=neutral, PublicKeyToken=b03f5f7f11d50a3a" className="ViewModels.Tests.WpfTests, ViewModelsTest, Version=1.0.0.0, Culture=neutral, PublicKeyToken=null" name="SplitDistanceTest" />
      <DataSource connectionString="|DataDirectory|\DistanceTest.csv" providerInvariantName="Microsoft.VisualStudio.TestTools.DataSource.CSV" tableName="DistanceTest#csv" />
    </UnitTest>
    <UnitTest name="ParseTimeStringTest" storage="e:\programming\runtimemvvm\model\modeltest\bin\debug\modeltest.dll" id="cd87abc8-f89c-7d24-e5ae-451c5e0e2bf5">
      <DeploymentItems>
        <DeploymentItem filename="../../UnitTestData/ParseTimeStringTest.csv" />
      </DeploymentItems>
      <Execution id="9b524471-ba56-4088-abd6-20b62c4cc60e" />
      <TestMethod codeBase="E:/Programming/RunTimeMVVM/Model/ModelTest/bin/Debug/ModelTest.DLL" adapterTypeName="Microsoft.VisualStudio.TestTools.TestTypes.Unit.UnitTestAdapter, Microsoft.VisualStudio.QualityTools.Tips.UnitTest.Adapter, Version=14.0.0.0, Culture=neutral, PublicKeyToken=b03f5f7f11d50a3a" className="Model.Tests.ParseStringsTests, ModelTest, Version=1.0.0.0, Culture=neutral, PublicKeyToken=null" name="ParseTimeStringTest" />
      <DataSource connectionString="|DataDirectory|\ParseTimeStringTest.csv" providerInvariantName="Microsoft.VisualStudio.TestTools.DataSource.CSV" tableName="ParseTimeStringTest#csv" />
    </UnitTest>
    <UnitTest name="CalcPaceTest" storage="e:\programming\runtimemvvm\model\modeltest\bin\debug\modeltest.dll" id="36c8be55-b671-c853-89c9-248401834f41">
      <DeploymentItems>
        <DeploymentItem filename="../../UnitTestData/CalcPaceTest.csv" />
      </DeploymentItems>
      <Execution id="316461aa-6c43-4256-8913-c35642a8b746" />
      <TestMethod codeBase="E:/Programming/RunTimeMVVM/Model/ModelTest/bin/Debug/ModelTest.DLL" adapterTypeName="Microsoft.VisualStudio.TestTools.TestTypes.Unit.UnitTestAdapter, Microsoft.VisualStudio.QualityTools.Tips.UnitTest.Adapter, Version=14.0.0.0, Culture=neutral, PublicKeyToken=b03f5f7f11d50a3a" className="Model.Tests.CalculationsTests, ModelTest, Version=1.0.0.0, Culture=neutral, PublicKeyToken=null" name="CalcPaceTest" />
      <DataSource connectionString="|DataDirectory|\CalcPaceTest.csv" providerInvariantName="Microsoft.VisualStudio.TestTools.DataSource.CSV" tableName="CalcPaceTest#csv" />
    </UnitTest>
    <UnitTest name="PaceStringTest" storage="e:\programming\runtimemvvm\model\modeltest\bin\debug\modeltest.dll" id="be2c2cc4-47a2-a172-46c7-365b41653dbb">
      <DeploymentItems>
        <DeploymentItem filename="../../UnitTestData/PaceStringTest.csv" />
      </DeploymentItems>
      <Execution id="e5e0989a-80f0-46f8-a7f7-70a9bf88566d" />
      <TestMethod codeBase="E:/Programming/RunTimeMVVM/Model/ModelTest/bin/Debug/ModelTest.DLL" adapterTypeName="Microsoft.VisualStudio.TestTools.TestTypes.Unit.UnitTestAdapter, Microsoft.VisualStudio.QualityTools.Tips.UnitTest.Adapter, Version=14.0.0.0, Culture=neutral, PublicKeyToken=b03f5f7f11d50a3a" className="Model.Tests.CreateStringsTests, ModelTest, Version=1.0.0.0, Culture=neutral, PublicKeyToken=null" name="PaceStringTest" />
      <DataSource connectionString="|DataDirectory|\PaceStringTest.csv" providerInvariantName="Microsoft.VisualStudio.TestTools.DataSource.CSV" tableName="PaceStringTest#csv" />
    </UnitTest>
    <UnitTest name="CalcClearSplitsHandlerTest" storage="e:\programming\runtimemvvm\model\modeltest\bin\debug\modeltest.dll" id="8ac14e29-02ea-3bb9-0f99-a9bc3cb1f233">
      <Execution id="38695da7-f296-456c-9fe9-e280941ace8d" />
      <TestMethod codeBase="E:/Programming/RunTimeMVVM/Model/ModelTest/bin/Debug/ModelTest.DLL" adapterTypeName="Microsoft.VisualStudio.TestTools.TestTypes.Unit.UnitTestAdapter, Microsoft.VisualStudio.QualityTools.Tips.UnitTest.Adapter, Version=14.0.0.0, Culture=neutral, PublicKeyToken=b03f5f7f11d50a3a" className="Model.Tests.CalculationsTests, ModelTest, Version=1.0.0.0, Culture=neutral, PublicKeyToken=null" name="CalcClearSplitsHandlerTest" />
    </UnitTest>
    <UnitTest name="CalcDistanceHandlerTest" storage="e:\programming\runtimemvvm\model\modeltest\bin\debug\modeltest.dll" id="0b50da6c-f25b-4d77-6a7c-e5361ab4e1ee">
      <Execution id="d088c70e-e502-4a8d-a368-441fa31285d7" />
      <TestMethod codeBase="E:/Programming/RunTimeMVVM/Model/ModelTest/bin/Debug/ModelTest.DLL" adapterTypeName="Microsoft.VisualStudio.TestTools.TestTypes.Unit.UnitTestAdapter, Microsoft.VisualStudio.QualityTools.Tips.UnitTest.Adapter, Version=14.0.0.0, Culture=neutral, PublicKeyToken=b03f5f7f11d50a3a" className="Model.Tests.CalculationsTests, ModelTest, Version=1.0.0.0, Culture=neutral, PublicKeyToken=null" name="CalcDistanceHandlerTest" />
    </UnitTest>
    <UnitTest name="ParsePaceTypeTest" storage="e:\programming\runtimemvvm\model\modeltest\bin\debug\modeltest.dll" id="641bda3d-1525-5408-84ac-b4ea423a2f13">
      <DeploymentItems>
        <DeploymentItem filename="../../UnitTestData/ParsePaceTypeTest.csv" />
      </DeploymentItems>
      <Execution id="b0fde98f-cf71-45e7-b036-c2b669e5531b" />
      <TestMethod codeBase="E:/Programming/RunTimeMVVM/Model/ModelTest/bin/Debug/ModelTest.DLL" adapterTypeName="Microsoft.VisualStudio.TestTools.TestTypes.Unit.UnitTestAdapter, Microsoft.VisualStudio.QualityTools.Tips.UnitTest.Adapter, Version=14.0.0.0, Culture=neutral, PublicKeyToken=b03f5f7f11d50a3a" className="Model.Tests.ParseStringsTests, ModelTest, Version=1.0.0.0, Culture=neutral, PublicKeyToken=null" name="ParsePaceTypeTest" />
      <DataSource connectionString="|DataDirectory|\ParsePaceTypeTest.csv" providerInvariantName="Microsoft.VisualStudio.TestTools.DataSource.CSV" tableName="ParsePaceTypeTest#csv" />
    </UnitTest>
    <UnitTest name="PaceTest" storage="e:\programming\runtimemvvm\viewmodels\viewmodelstest\bin\debug\viewmodelstest.dll" id="cdee312b-8e90-0649-5f25-07300671b75f">
      <DeploymentItems>
        <DeploymentItem filename="../../UnitTestData/TimeTest.csv" />
      </DeploymentItems>
      <Execution id="745f7dff-840c-465c-9279-99d7633778a8" />
      <TestMethod codeBase="E:/Programming/RunTimeMVVM/ViewModels/ViewModelsTest/bin/Debug/ViewModelsTest.DLL" adapterTypeName="Microsoft.VisualStudio.TestTools.TestTypes.Unit.UnitTestAdapter, Microsoft.VisualStudio.QualityTools.Tips.UnitTest.Adapter, Version=14.0.0.0, Culture=neutral, PublicKeyToken=b03f5f7f11d50a3a" className="ViewModels.Tests.WpfTests, ViewModelsTest, Version=1.0.0.0, Culture=neutral, PublicKeyToken=null" name="PaceTest" />
      <DataSource connectionString="|DataDirectory|\TimeTest.csv" providerInvariantName="Microsoft.VisualStudio.TestTools.DataSource.CSV" tableName="TimeTest#csv" />
    </UnitTest>
    <UnitTest name="SplitListTest" storage="e:\programming\runtimemvvm\viewmodels\viewmodelstest\bin\debug\viewmodelstest.dll" id="d1442d91-5860-1bda-fad4-fc32b687d676">
      <Execution id="e3df4858-b4d1-47fb-88e3-67ff8d845a30" />
      <TestMethod codeBase="E:/Programming/RunTimeMVVM/ViewModels/ViewModelsTest/bin/Debug/ViewModelsTest.DLL" adapterTypeName="Microsoft.VisualStudio.TestTools.TestTypes.Unit.UnitTestAdapter, Microsoft.VisualStudio.QualityTools.Tips.UnitTest.Adapter, Version=14.0.0.0, Culture=neutral, PublicKeyToken=b03f5f7f11d50a3a" className="ViewModels.Tests.WpfTests, ViewModelsTest, Version=1.0.0.0, Culture=neutral, PublicKeyToken=null" name="SplitListTest" />
    </UnitTest>
    <UnitTest name="DoCalculationTest" storage="e:\programming\runtimemvvm\model\modeltest\bin\debug\modeltest.dll" id="e4f7b71d-85b4-7bca-3631-2795324fc313">
      <DeploymentItems>
        <DeploymentItem filename="../../UnitTestData/DoCalculationTest.csv" />
      </DeploymentItems>
      <Execution id="65c6b85a-1805-4268-8f26-1f71ca65b273" />
      <TestMethod codeBase="E:/Programming/RunTimeMVVM/Model/ModelTest/bin/Debug/ModelTest.DLL" adapterTypeName="Microsoft.VisualStudio.TestTools.TestTypes.Unit.UnitTestAdapter, Microsoft.VisualStudio.QualityTools.Tips.UnitTest.Adapter, Version=14.0.0.0, Culture=neutral, PublicKeyToken=b03f5f7f11d50a3a" className="Model.Tests.CalculationsTests, ModelTest, Version=1.0.0.0, Culture=neutral, PublicKeyToken=null" name="DoCalculationTest" />
      <DataSource connectionString="|DataDirectory|\DoCalculationTest.csv" providerInvariantName="Microsoft.VisualStudio.TestTools.DataSource.CSV" tableName="DoCalculationTest#csv" />
    </UnitTest>
    <UnitTest name="CalcDistanceTest" storage="e:\programming\runtimemvvm\model\modeltest\bin\debug\modeltest.dll" id="5b08079b-f843-0b5c-7582-e06ea13f055e">
      <DeploymentItems>
        <DeploymentItem filename="../../UnitTestData/CalcDistanceTest.csv" />
      </DeploymentItems>
      <Execution id="af706134-c39b-4693-b68c-2117da72cda5" />
      <TestMethod codeBase="E:/Programming/RunTimeMVVM/Model/ModelTest/bin/Debug/ModelTest.DLL" adapterTypeName="Microsoft.VisualStudio.TestTools.TestTypes.Unit.UnitTestAdapter, Microsoft.VisualStudio.QualityTools.Tips.UnitTest.Adapter, Version=14.0.0.0, Culture=neutral, PublicKeyToken=b03f5f7f11d50a3a" className="Model.Tests.CalculationsTests, ModelTest, Version=1.0.0.0, Culture=neutral, PublicKeyToken=null" name="CalcDistanceTest" />
      <DataSource connectionString="|DataDirectory|\CalcDistanceTest.csv" providerInvariantName="Microsoft.VisualStudio.TestTools.DataSource.CSV" tableName="CalcDistanceTest#csv" />
    </UnitTest>
    <UnitTest name="TimeStringTest" storage="e:\programming\runtimemvvm\model\modeltest\bin\debug\modeltest.dll" id="e027f696-604d-d0ec-31bd-c0df52048e56">
      <DeploymentItems>
        <DeploymentItem filename="../../UnitTestData/TimeStringTest.csv" />
      </DeploymentItems>
      <Execution id="a3a5aeb4-9fea-4f1b-8d12-6563a1f8e8c9" />
      <TestMethod codeBase="E:/Programming/RunTimeMVVM/Model/ModelTest/bin/Debug/ModelTest.DLL" adapterTypeName="Microsoft.VisualStudio.TestTools.TestTypes.Unit.UnitTestAdapter, Microsoft.VisualStudio.QualityTools.Tips.UnitTest.Adapter, Version=14.0.0.0, Culture=neutral, PublicKeyToken=b03f5f7f11d50a3a" className="Model.Tests.CreateStringsTests, ModelTest, Version=1.0.0.0, Culture=neutral, PublicKeyToken=null" name="TimeStringTest" />
      <DataSource connectionString="|DataDirectory|\TimeStringTest.csv" providerInvariantName="Microsoft.VisualStudio.TestTools.DataSource.CSV" tableName="TimeStringTest#csv" />
    </UnitTest>
    <UnitTest name="DistanceStringTest" storage="e:\programming\runtimemvvm\viewmodels\viewmodelstest\bin\debug\viewmodelstest.dll" id="9185c1f0-3521-729a-3265-1f110d4643f8">
      <DeploymentItems>
        <DeploymentItem filename="../../UnitTestData/DistanceStringTest.csv" />
      </DeploymentItems>
      <Execution id="ab8cb4c5-612d-45a8-aa98-364756b944be" />
      <TestMethod codeBase="E:/Programming/RunTimeMVVM/ViewModels/ViewModelsTest/bin/Debug/ViewModelsTest.DLL" adapterTypeName="Microsoft.VisualStudio.TestTools.TestTypes.Unit.UnitTestAdapter, Microsoft.VisualStudio.QualityTools.Tips.UnitTest.Adapter, Version=14.0.0.0, Culture=neutral, PublicKeyToken=b03f5f7f11d50a3a" className="ViewModels.Tests.CreateStringsTests, ViewModelsTest, Version=1.0.0.0, Culture=neutral, PublicKeyToken=null" name="DistanceStringTest" />
      <DataSource connectionString="|DataDirectory|\DistanceStringTest.csv" providerInvariantName="Microsoft.VisualStudio.TestTools.DataSource.CSV" tableName="DistanceStringTest#csv" />
    </UnitTest>
    <UnitTest name="CalculateTypeCommandTest" storage="e:\programming\runtimemvvm\viewmodels\viewmodelstest\bin\debug\viewmodelstest.dll" id="5211a9de-4c96-c291-20bd-79e5d0eeb15f">
      <Execution id="08c6dfe8-008e-4046-bc49-7180edba555e" />
      <TestMethod codeBase="E:/Programming/RunTimeMVVM/ViewModels/ViewModelsTest/bin/Debug/ViewModelsTest.DLL" adapterTypeName="Microsoft.VisualStudio.TestTools.TestTypes.Unit.UnitTestAdapter, Microsoft.VisualStudio.QualityTools.Tips.UnitTest.Adapter, Version=14.0.0.0, Culture=neutral, PublicKeyToken=b03f5f7f11d50a3a" className="ViewModels.Tests.WpfTests, ViewModelsTest, Version=1.0.0.0, Culture=neutral, PublicKeyToken=null" name="CalculateTypeCommandTest" />
    </UnitTest>
    <UnitTest name="ObservableObjectTest" storage="e:\programming\runtimemvvm\viewmodels\viewmodelstest\bin\debug\viewmodelstest.dll" id="37fa62f6-b8ad-cfe9-7e61-10c8092cbf56">
      <Execution id="a3ce0337-a4a8-43cb-acd8-2b770fb2cde1" />
      <TestMethod codeBase="E:/Programming/RunTimeMVVM/ViewModels/ViewModelsTest/bin/Debug/ViewModelsTest.DLL" adapterTypeName="Microsoft.VisualStudio.TestTools.TestTypes.Unit.UnitTestAdapter, Microsoft.VisualStudio.QualityTools.Tips.UnitTest.Adapter, Version=14.0.0.0, Culture=neutral, PublicKeyToken=b03f5f7f11d50a3a" className="ViewModels.Tests.WpfTests, ViewModelsTest, Version=1.0.0.0, Culture=neutral, PublicKeyToken=null" name="ObservableObjectTest" />
    </UnitTest>
    <UnitTest name="CalcTimeTest" storage="e:\programming\runtimemvvm\model\modeltest\bin\debug\modeltest.dll" id="5b39dafc-9951-d4e7-83f8-d372918b5a20">
      <DeploymentItems>
        <DeploymentItem filename="../../UnitTestData/CalcTimeTest.csv" />
      </DeploymentItems>
      <Execution id="779a371a-aab0-4c57-b51d-23e65625d616" />
      <TestMethod codeBase="E:/Programming/RunTimeMVVM/Model/ModelTest/bin/Debug/ModelTest.DLL" adapterTypeName="Microsoft.VisualStudio.TestTools.TestTypes.Unit.UnitTestAdapter, Microsoft.VisualStudio.QualityTools.Tips.UnitTest.Adapter, Version=14.0.0.0, Culture=neutral, PublicKeyToken=b03f5f7f11d50a3a" className="Model.Tests.CalculationsTests, ModelTest, Version=1.0.0.0, Culture=neutral, PublicKeyToken=null" name="CalcTimeTest" />
      <DataSource connectionString="|DataDirectory|\CalcTimeTest.csv" providerInvariantName="Microsoft.VisualStudio.TestTools.DataSource.CSV" tableName="CalcTimeTest#csv" />
    </UnitTest>
    <UnitTest name="SplitDistanceTwiceTest" storage="e:\programming\runtimemvvm\viewmodels\viewmodelstest\bin\debug\viewmodelstest.dll" id="0c0655bb-22bf-63b6-83b8-0b1deea9e622">
      <Execution id="bf8f4ed9-24b2-43a0-b418-3ea6b3bcdfa1" />
      <TestMethod codeBase="E:/Programming/RunTimeMVVM/ViewModels/ViewModelsTest/bin/Debug/ViewModelsTest.DLL" adapterTypeName="Microsoft.VisualStudio.TestTools.TestTypes.Unit.UnitTestAdapter, Microsoft.VisualStudio.QualityTools.Tips.UnitTest.Adapter, Version=14.0.0.0, Culture=neutral, PublicKeyToken=b03f5f7f11d50a3a" className="ViewModels.Tests.WpfTests, ViewModelsTest, Version=1.0.0.0, Culture=neutral, PublicKeyToken=null" name="SplitDistanceTwiceTest" />
    </UnitTest>
    <UnitTest name="PaceTypeSetTest" storage="e:\programming\runtimemvvm\viewmodels\viewmodelstest\bin\debug\viewmodelstest.dll" id="88e9e763-50a1-d22c-31e9-0d57466f47e5">
      <DeploymentItems>
        <DeploymentItem filename="../../UnitTestData/PaceTypeSetTest.csv" />
      </DeploymentItems>
      <Execution id="aa51b760-c87c-410d-b053-5f15e4e6d1cf" />
      <TestMethod codeBase="E:/Programming/RunTimeMVVM/ViewModels/ViewModelsTest/bin/Debug/ViewModelsTest.DLL" adapterTypeName="Microsoft.VisualStudio.TestTools.TestTypes.Unit.UnitTestAdapter, Microsoft.VisualStudio.QualityTools.Tips.UnitTest.Adapter, Version=14.0.0.0, Culture=neutral, PublicKeyToken=b03f5f7f11d50a3a" className="ViewModels.Tests.WpfTests, ViewModelsTest, Version=1.0.0.0, Culture=neutral, PublicKeyToken=null" name="PaceTypeSetTest" />
      <DataSource connectionString="|DataDirectory|\PaceTypeSetTest.csv" providerInvariantName="Microsoft.VisualStudio.TestTools.DataSource.CSV" tableName="PaceTypeSetTest#csv" />
    </UnitTest>
    <UnitTest name="CalcTimeTest" storage="e:\programming\runtimemvvm\viewmodels\viewmodelstest\bin\debug\viewmodelstest.dll" id="a8f56e44-4c86-a3dd-0fcb-841358483e4a">
      <DeploymentItems>
        <DeploymentItem filename="../../UnitTestData/BooleanSetTest.csv" />
      </DeploymentItems>
      <Execution id="f1c3056d-ae20-4092-ba8a-0e3423deeb62" />
      <TestMethod codeBase="E:/Programming/RunTimeMVVM/ViewModels/ViewModelsTest/bin/Debug/ViewModelsTest.DLL" adapterTypeName="Microsoft.VisualStudio.TestTools.TestTypes.Unit.UnitTestAdapter, Microsoft.VisualStudio.QualityTools.Tips.UnitTest.Adapter, Version=14.0.0.0, Culture=neutral, PublicKeyToken=b03f5f7f11d50a3a" className="ViewModels.Tests.WpfTests, ViewModelsTest, Version=1.0.0.0, Culture=neutral, PublicKeyToken=null" name="CalcTimeTest" />
      <DataSource connectionString="|DataDirectory|\BooleanSetTest.csv" providerInvariantName="Microsoft.VisualStudio.TestTools.DataSource.CSV" tableName="BooleanSetTest#csv" />
    </UnitTest>
    <UnitTest name="DistanceStringTest" storage="e:\programming\runtimemvvm\model\modeltest\bin\debug\modeltest.dll" id="3445f1be-1622-e8fd-4ee5-aae66cc47ad8">
      <DeploymentItems>
        <DeploymentItem filename="../../UnitTestData/DistanceStringTest.csv" />
      </DeploymentItems>
      <Execution id="c86ab2d5-9020-402d-a627-ef5c29be5d5e" />
      <TestMethod codeBase="E:/Programming/RunTimeMVVM/Model/ModelTest/bin/Debug/ModelTest.DLL" adapterTypeName="Microsoft.VisualStudio.TestTools.TestTypes.Unit.UnitTestAdapter, Microsoft.VisualStudio.QualityTools.Tips.UnitTest.Adapter, Version=14.0.0.0, Culture=neutral, PublicKeyToken=b03f5f7f11d50a3a" className="Model.Tests.CreateStringsTests, ModelTest, Version=1.0.0.0, Culture=neutral, PublicKeyToken=null" name="DistanceStringTest" />
      <DataSource connectionString="|DataDirectory|\DistanceStringTest.csv" providerInvariantName="Microsoft.VisualStudio.TestTools.DataSource.CSV" tableName="DistanceStringTest#csv" />
    </UnitTest>
    <UnitTest name="CalcTimeHandlerTest" storage="e:\programming\runtimemvvm\model\modeltest\bin\debug\modeltest.dll" id="b7112d3c-b98a-f778-958b-4e7086684097">
      <Execution id="c407a927-65f3-4965-a7fc-87e5dbae4636" />
      <TestMethod codeBase="E:/Programming/RunTimeMVVM/Model/ModelTest/bin/Debug/ModelTest.DLL" adapterTypeName="Microsoft.VisualStudio.TestTools.TestTypes.Unit.UnitTestAdapter, Microsoft.VisualStudio.QualityTools.Tips.UnitTest.Adapter, Version=14.0.0.0, Culture=neutral, PublicKeyToken=b03f5f7f11d50a3a" className="Model.Tests.CalculationsTests, ModelTest, Version=1.0.0.0, Culture=neutral, PublicKeyToken=null" name="CalcTimeHandlerTest" />
    </UnitTest>
    <UnitTest name="CalcDistanceTest" storage="e:\programming\runtimemvvm\viewmodels\viewmodelstest\bin\debug\viewmodelstest.dll" id="02c30783-c534-9427-aa65-5fae16fb2ad0">
      <DeploymentItems>
        <DeploymentItem filename="../../UnitTestData/BooleanSetTest.csv" />
      </DeploymentItems>
      <Execution id="b48635d9-4add-4edd-b121-0706a82a4d57" />
      <TestMethod codeBase="E:/Programming/RunTimeMVVM/ViewModels/ViewModelsTest/bin/Debug/ViewModelsTest.DLL" adapterTypeName="Microsoft.VisualStudio.TestTools.TestTypes.Unit.UnitTestAdapter, Microsoft.VisualStudio.QualityTools.Tips.UnitTest.Adapter, Version=14.0.0.0, Culture=neutral, PublicKeyToken=b03f5f7f11d50a3a" className="ViewModels.Tests.WpfTests, ViewModelsTest, Version=1.0.0.0, Culture=neutral, PublicKeyToken=null" name="CalcDistanceTest" />
      <DataSource connectionString="|DataDirectory|\BooleanSetTest.csv" providerInvariantName="Microsoft.VisualStudio.TestTools.DataSource.CSV" tableName="BooleanSetTest#csv" />
    </UnitTest>
    <UnitTest name="CalculateTypeTest" storage="e:\programming\runtimemvvm\viewmodels\viewmodelstest\bin\debug\viewmodelstest.dll" id="4bf5d923-9b80-67b9-bedd-19fefd3bc0fc">
      <DeploymentItems>
        <DeploymentItem filename="../../UnitTestData/CalculateTypeTest.csv" />
      </DeploymentItems>
      <Execution id="e6ef1757-d830-4f16-a7db-eb986924eaf7" />
      <TestMethod codeBase="E:/Programming/RunTimeMVVM/ViewModels/ViewModelsTest/bin/Debug/ViewModelsTest.DLL" adapterTypeName="Microsoft.VisualStudio.TestTools.TestTypes.Unit.UnitTestAdapter, Microsoft.VisualStudio.QualityTools.Tips.UnitTest.Adapter, Version=14.0.0.0, Culture=neutral, PublicKeyToken=b03f5f7f11d50a3a" className="ViewModels.Tests.WpfTests, ViewModelsTest, Version=1.0.0.0, Culture=neutral, PublicKeyToken=null" name="CalculateTypeTest" />
      <DataSource connectionString="|DataDirectory|\CalculateTypeTest.csv" providerInvariantName="Microsoft.VisualStudio.TestTools.DataSource.CSV" tableName="CalculateTypeTest#csv" />
    </UnitTest>
    <UnitTest name="TimeTwiceTest" storage="e:\programming\runtimemvvm\viewmodels\viewmodelstest\bin\debug\viewmodelstest.dll" id="628f7736-f01d-1d02-7408-c5c960f05aa3">
      <Execution id="8ba75056-d697-42b2-95b2-0f18376eaad9" />
      <TestMethod codeBase="E:/Programming/RunTimeMVVM/ViewModels/ViewModelsTest/bin/Debug/ViewModelsTest.DLL" adapterTypeName="Microsoft.VisualStudio.TestTools.TestTypes.Unit.UnitTestAdapter, Microsoft.VisualStudio.QualityTools.Tips.UnitTest.Adapter, Version=14.0.0.0, Culture=neutral, PublicKeyToken=b03f5f7f11d50a3a" className="ViewModels.Tests.WpfTests, ViewModelsTest, Version=1.0.0.0, Culture=neutral, PublicKeyToken=null" name="TimeTwiceTest" />
    </UnitTest>
  </TestDefinitions>
  <TestLists>
    <TestList name="Results Not in a List" id="8c84fa94-04c1-424b-9868-57a2d4851a1d" />
    <TestList name="All Loaded Results" id="19431567-8539-422a-85d7-44ee4e166bda" />
  </TestLists>
  <TestEntries>
    <TestEntry testId="8ac14e29-02ea-3bb9-0f99-a9bc3cb1f233" executionId="38695da7-f296-456c-9fe9-e280941ace8d" testListId="8c84fa94-04c1-424b-9868-57a2d4851a1d" />
    <TestEntry testId="a510e561-591c-2551-4508-6e2e58cac013" executionId="2b0fb8f2-3eaa-4833-a54e-b34cb7e75668" testListId="8c84fa94-04c1-424b-9868-57a2d4851a1d" />
    <TestEntry testId="0b50da6c-f25b-4d77-6a7c-e5361ab4e1ee" executionId="d088c70e-e502-4a8d-a368-441fa31285d7" testListId="8c84fa94-04c1-424b-9868-57a2d4851a1d" />
    <TestEntry testId="5b08079b-f843-0b5c-7582-e06ea13f055e" executionId="af706134-c39b-4693-b68c-2117da72cda5" testListId="8c84fa94-04c1-424b-9868-57a2d4851a1d" />
    <TestEntry testId="f089eeb3-ec6e-435c-e8e6-b04c14b96ae9" executionId="e11f87ce-ecef-4750-a50e-e13688bc3b3f" testListId="8c84fa94-04c1-424b-9868-57a2d4851a1d" />
    <TestEntry testId="36c8be55-b671-c853-89c9-248401834f41" executionId="316461aa-6c43-4256-8913-c35642a8b746" testListId="8c84fa94-04c1-424b-9868-57a2d4851a1d" />
    <TestEntry testId="d6d419f2-d50b-1ed7-bbff-6b4d717138a3" executionId="8c46b556-b1fc-4e17-9e1f-2c2f1deb2e65" testListId="8c84fa94-04c1-424b-9868-57a2d4851a1d" />
    <TestEntry testId="48fda642-36d1-d54a-bcac-2f1a04f4134e" executionId="83139e52-8a68-40e7-8178-fe4bbc10ba67" testListId="8c84fa94-04c1-424b-9868-57a2d4851a1d" />
    <TestEntry testId="b7112d3c-b98a-f778-958b-4e7086684097" executionId="c407a927-65f3-4965-a7fc-87e5dbae4636" testListId="8c84fa94-04c1-424b-9868-57a2d4851a1d" />
    <TestEntry testId="5b39dafc-9951-d4e7-83f8-d372918b5a20" executionId="779a371a-aab0-4c57-b51d-23e65625d616" testListId="8c84fa94-04c1-424b-9868-57a2d4851a1d" />
    <TestEntry testId="14799652-f962-307e-4c97-1c87bb0d61fc" executionId="dfec7bb4-695b-4a4b-8dbc-4f39f8ab6dba" testListId="8c84fa94-04c1-424b-9868-57a2d4851a1d" />
    <TestEntry testId="259ab341-e267-8abc-abdd-05729df9279c" executionId="7fe9c471-2db6-407b-958e-e0b112f3e7eb" testListId="8c84fa94-04c1-424b-9868-57a2d4851a1d" />
    <TestEntry testId="08f72343-3997-8a76-946a-3c27378c9d40" executionId="9ca48fcb-bb41-4ac3-8070-a7afb53be570" testListId="8c84fa94-04c1-424b-9868-57a2d4851a1d" />
    <TestEntry testId="e4f7b71d-85b4-7bca-3631-2795324fc313" executionId="65c6b85a-1805-4268-8f26-1f71ca65b273" testListId="8c84fa94-04c1-424b-9868-57a2d4851a1d" />
    <TestEntry testId="3445f1be-1622-e8fd-4ee5-aae66cc47ad8" executionId="c86ab2d5-9020-402d-a627-ef5c29be5d5e" testListId="8c84fa94-04c1-424b-9868-57a2d4851a1d" />
    <TestEntry testId="be2c2cc4-47a2-a172-46c7-365b41653dbb" executionId="e5e0989a-80f0-46f8-a7f7-70a9bf88566d" testListId="8c84fa94-04c1-424b-9868-57a2d4851a1d" />
    <TestEntry testId="e027f696-604d-d0ec-31bd-c0df52048e56" executionId="a3a5aeb4-9fea-4f1b-8d12-6563a1f8e8c9" testListId="8c84fa94-04c1-424b-9868-57a2d4851a1d" />
    <TestEntry testId="dcda3437-6fae-87bb-9dc9-3024882b61c8" executionId="24a2f8f0-9686-40b0-bc10-a30393c07873" testListId="8c84fa94-04c1-424b-9868-57a2d4851a1d" />
    <TestEntry testId="ca1075eb-be14-826b-1d75-41260c518816" executionId="fe4c9521-0405-4f9b-bf31-807fea74a0d6" testListId="8c84fa94-04c1-424b-9868-57a2d4851a1d" />
    <TestEntry testId="96b7c5fd-2c4e-c946-9cef-23a49901cf4c" executionId="403d9591-466e-44af-b64c-5ddecad38fba" testListId="8c84fa94-04c1-424b-9868-57a2d4851a1d" />
    <TestEntry testId="ecaa6c99-463d-153e-a697-4a3ffae12ff8" executionId="3afa49e4-4191-4265-8c4b-561b67e6c33b" testListId="8c84fa94-04c1-424b-9868-57a2d4851a1d" />
    <TestEntry testId="641bda3d-1525-5408-84ac-b4ea423a2f13" executionId="b0fde98f-cf71-45e7-b036-c2b669e5531b" testListId="8c84fa94-04c1-424b-9868-57a2d4851a1d" />
    <TestEntry testId="a8abe4d7-81b5-4dbf-f910-a21ffe51e705" executionId="81801546-a7ac-4de6-ba57-995c9c3cac49" testListId="8c84fa94-04c1-424b-9868-57a2d4851a1d" />
    <TestEntry testId="cd87abc8-f89c-7d24-e5ae-451c5e0e2bf5" executionId="9b524471-ba56-4088-abd6-20b62c4cc60e" testListId="8c84fa94-04c1-424b-9868-57a2d4851a1d" />
    <TestEntry testId="31cd6dee-9996-c457-aa25-7ffa59e8912b" executionId="e9f0665f-bbb0-4bb0-8383-3d24b72eb01b" testListId="8c84fa94-04c1-424b-9868-57a2d4851a1d" />
    <TestEntry testId="955e946c-c6de-a145-1b6d-54c9a254519b" executionId="7d5b2ae5-5fc0-456c-a8dc-42ee2611f7e1" testListId="8c84fa94-04c1-424b-9868-57a2d4851a1d" />
    <TestEntry testId="9185c1f0-3521-729a-3265-1f110d4643f8" executionId="ab8cb4c5-612d-45a8-aa98-364756b944be" testListId="8c84fa94-04c1-424b-9868-57a2d4851a1d" />
    <TestEntry testId="973c0897-4733-e319-5827-2503fe5bba8d" executionId="adaaaa81-b390-4e1e-a7b3-39e9f77e923c" testListId="8c84fa94-04c1-424b-9868-57a2d4851a1d" />
    <TestEntry testId="513c33f5-883d-a96a-5ffd-bbc6d67997c9" executionId="8883b6d1-6811-4b3b-8481-35c8b13fe7b1" testListId="8c84fa94-04c1-424b-9868-57a2d4851a1d" />
    <TestEntry testId="02c30783-c534-9427-aa65-5fae16fb2ad0" executionId="b48635d9-4add-4edd-b121-0706a82a4d57" testListId="8c84fa94-04c1-424b-9868-57a2d4851a1d" />
    <TestEntry testId="e8a07daf-5b02-51ce-6967-c7ba608d6220" executionId="a6647f80-c6b6-4973-bb81-00f7e5f0696c" testListId="8c84fa94-04c1-424b-9868-57a2d4851a1d" />
    <TestEntry testId="a8f56e44-4c86-a3dd-0fcb-841358483e4a" executionId="f1c3056d-ae20-4092-ba8a-0e3423deeb62" testListId="8c84fa94-04c1-424b-9868-57a2d4851a1d" />
    <TestEntry testId="5211a9de-4c96-c291-20bd-79e5d0eeb15f" executionId="08c6dfe8-008e-4046-bc49-7180edba555e" testListId="8c84fa94-04c1-424b-9868-57a2d4851a1d" />
    <TestEntry testId="4bf5d923-9b80-67b9-bedd-19fefd3bc0fc" executionId="e6ef1757-d830-4f16-a7db-eb986924eaf7" testListId="8c84fa94-04c1-424b-9868-57a2d4851a1d" />
    <TestEntry testId="1f6e491f-3638-7f34-7853-423035ebd506" executionId="866371cb-2fd9-4188-82b1-6092f9e8b157" testListId="8c84fa94-04c1-424b-9868-57a2d4851a1d" />
    <TestEntry testId="d4ece7a6-dfcc-f36a-c1fd-15853174c045" executionId="c745e240-146e-4476-904f-b388d208c8f3" testListId="8c84fa94-04c1-424b-9868-57a2d4851a1d" />
    <TestEntry testId="0e7b886a-2876-55be-3ed5-fd4e333f81f0" executionId="db1c2e7d-12f5-4f03-8ebf-f37485d20d9c" testListId="8c84fa94-04c1-424b-9868-57a2d4851a1d" />
    <TestEntry testId="4d30b715-8507-120d-d869-6ce606a6d642" executionId="fb1917a1-0ea7-41c8-8214-b162d3ad7942" testListId="8c84fa94-04c1-424b-9868-57a2d4851a1d" />
    <TestEntry testId="37fa62f6-b8ad-cfe9-7e61-10c8092cbf56" executionId="a3ce0337-a4a8-43cb-acd8-2b770fb2cde1" testListId="8c84fa94-04c1-424b-9868-57a2d4851a1d" />
    <TestEntry testId="cdee312b-8e90-0649-5f25-07300671b75f" executionId="745f7dff-840c-465c-9279-99d7633778a8" testListId="8c84fa94-04c1-424b-9868-57a2d4851a1d" />
    <TestEntry testId="ce0066b6-b9f3-6fe3-365a-46a9b93b4d88" executionId="2c1afc93-89a5-45e6-ab8f-51b91e4ee71e" testListId="8c84fa94-04c1-424b-9868-57a2d4851a1d" />
    <TestEntry testId="88e9e763-50a1-d22c-31e9-0d57466f47e5" executionId="aa51b760-c87c-410d-b053-5f15e4e6d1cf" testListId="8c84fa94-04c1-424b-9868-57a2d4851a1d" />
    <TestEntry testId="573f90a6-3bed-88d9-2989-a37fdef43705" executionId="a85926e2-44e1-4df8-944a-2b020b24853f" testListId="8c84fa94-04c1-424b-9868-57a2d4851a1d" />
    <TestEntry testId="7e003815-3c82-2ef5-04be-edaf88856429" executionId="0ce68bd4-424d-4528-bd24-36c7c6db0737" testListId="8c84fa94-04c1-424b-9868-57a2d4851a1d" />
    <TestEntry testId="b33c5b05-4e03-9576-bffe-c586615e2605" executionId="902c5365-8821-4da2-a0e7-f49440577a3c" testListId="8c84fa94-04c1-424b-9868-57a2d4851a1d" />
    <TestEntry testId="effcf5e9-44fb-ca50-0e92-13a75fa3e826" executionId="85c5a90f-de15-4fa1-abd4-b75246592c0e" testListId="8c84fa94-04c1-424b-9868-57a2d4851a1d" />
    <TestEntry testId="0c0655bb-22bf-63b6-83b8-0b1deea9e622" executionId="bf8f4ed9-24b2-43a0-b418-3ea6b3bcdfa1" testListId="8c84fa94-04c1-424b-9868-57a2d4851a1d" />
    <TestEntry testId="c8c6d4e8-f26a-57ab-78fa-237db9384f8d" executionId="64193053-0bb7-4d2e-8e5b-a18724221966" testListId="8c84fa94-04c1-424b-9868-57a2d4851a1d" />
    <TestEntry testId="d1442d91-5860-1bda-fad4-fc32b687d676" executionId="e3df4858-b4d1-47fb-88e3-67ff8d845a30" testListId="8c84fa94-04c1-424b-9868-57a2d4851a1d" />
    <TestEntry testId="ea423c44-659f-0f83-73d3-7bee7f981cb7" executionId="ec575017-4929-4e47-839b-ba201c24ba11" testListId="8c84fa94-04c1-424b-9868-57a2d4851a1d" />
    <TestEntry testId="628f7736-f01d-1d02-7408-c5c960f05aa3" executionId="8ba75056-d697-42b2-95b2-0f18376eaad9" testListId="8c84fa94-04c1-424b-9868-57a2d4851a1d" />
    <TestEntry testId="8e50d2f6-acf1-6072-7c91-a2c4d972e8e7" executionId="f9b4bf3e-f85b-4832-bf31-c29738f479a6" testListId="8c84fa94-04c1-424b-9868-57a2d4851a1d" />
  </TestEntries>
  <Results>
    <UnitTestResult executionId="38695da7-f296-456c-9fe9-e280941ace8d" testId="8ac14e29-02ea-3bb9-0f99-a9bc3cb1f233" testName="CalcClearSplitsHandlerTest" computerName="DAASH2-WIN7" duration="00:00:00.0321507" startTime="2017-06-08T14:16:44.8741885-04:00" endTime="2017-06-08T14:16:45.3394210-04:00" testType="13cdc9d9-ddb5-4fa4-a97d-d965ccfc6d4b" outcome="Passed" testListId="8c84fa94-04c1-424b-9868-57a2d4851a1d" relativeResultsDirectory="38695da7-f296-456c-9fe9-e280941ace8d">
    </UnitTestResult>
    <UnitTestResult executionId="2b0fb8f2-3eaa-4833-a54e-b34cb7e75668" testId="a510e561-591c-2551-4508-6e2e58cac013" testName="CalcClearSplitsTest" computerName="DAASH2-WIN7" duration="00:00:00.0003939" startTime="2017-06-08T14:16:45.3624325-04:00" endTime="2017-06-08T14:16:45.3674350-04:00" testType="13cdc9d9-ddb5-4fa4-a97d-d965ccfc6d4b" outcome="Passed" testListId="8c84fa94-04c1-424b-9868-57a2d4851a1d" relativeResultsDirectory="2b0fb8f2-3eaa-4833-a54e-b34cb7e75668">
    </UnitTestResult>
    <UnitTestResult executionId="d088c70e-e502-4a8d-a368-441fa31285d7" testId="0b50da6c-f25b-4d77-6a7c-e5361ab4e1ee" testName="CalcDistanceHandlerTest" computerName="DAASH2-WIN7" duration="00:00:00.0094112" startTime="2017-06-08T14:16:45.3914470-04:00" endTime="2017-06-08T14:16:45.4034530-04:00" testType="13cdc9d9-ddb5-4fa4-a97d-d965ccfc6d4b" outcome="Passed" testListId="8c84fa94-04c1-424b-9868-57a2d4851a1d" relativeResultsDirectory="d088c70e-e502-4a8d-a368-441fa31285d7">
    </UnitTestResult>
    <UnitTestResult executionId="af706134-c39b-4693-b68c-2117da72cda5" testId="5b08079b-f843-0b5c-7582-e06ea13f055e" testName="CalcDistanceTest" computerName="DAASH2-WIN7" duration="00:00:00.3401439" startTime="2017-06-08T14:16:45.4254640-04:00" endTime="2017-06-08T14:16:45.7796410-04:00" testType="13cdc9d9-ddb5-4fa4-a97d-d965ccfc6d4b" outcome="Passed" testListId="8c84fa94-04c1-424b-9868-57a2d4851a1d" relativeResultsDirectory="af706134-c39b-4693-b68c-2117da72cda5" resultType="DataDrivenTest">
      <Counters error="0" failed="0" timeout="0" aborted="0" inconclusive="0" passedButRunAborted="0" notRunnable="0" notExecuted="0" disconnected="0" warning="0" passed="12" completed="0" inProgress="0" pending="0" />
      <InnerResults>
        <UnitTestResult executionId="05462b0d-964a-4633-a86e-52743abdfedb" parentExecutionId="af706134-c39b-4693-b68c-2117da72cda5" testId="5b08079b-f843-0b5c-7582-e06ea13f055e" testName="CalcDistanceTest" computerName="DAASH2-WIN7" duration="00:00:00.0022129" startTime="2017-06-08T14:16:45.7696360-04:00" endTime="2017-06-08T14:16:45.7726375-04:00" testType="13cdc9d9-ddb5-4fa4-a97d-d965ccfc6d4b" outcome="Passed" testListId="8c84fa94-04c1-424b-9868-57a2d4851a1d" relativeResultsDirectory="af706134-c39b-4693-b68c-2117da72cda5" dataRowInfo="0" resultType="DataDrivenDataRow" />
        <UnitTestResult executionId="9a0d4877-91f3-47cb-ab19-8eb1e44b863b" parentExecutionId="af706134-c39b-4693-b68c-2117da72cda5" testId="5b08079b-f843-0b5c-7582-e06ea13f055e" testName="CalcDistanceTest" computerName="DAASH2-WIN7" duration="00:00:00.0000734" startTime="2017-06-08T14:16:45.7726375-04:00" endTime="2017-06-08T14:16:45.7726375-04:00" testType="13cdc9d9-ddb5-4fa4-a97d-d965ccfc6d4b" outcome="Passed" testListId="8c84fa94-04c1-424b-9868-57a2d4851a1d" relativeResultsDirectory="af706134-c39b-4693-b68c-2117da72cda5" dataRowInfo="1" resultType="DataDrivenDataRow" />
        <UnitTestResult executionId="6c002118-7405-43e4-849b-696041d7c392" parentExecutionId="af706134-c39b-4693-b68c-2117da72cda5" testId="5b08079b-f843-0b5c-7582-e06ea13f055e" testName="CalcDistanceTest" computerName="DAASH2-WIN7" duration="00:00:00.0000580" startTime="2017-06-08T14:16:45.7726375-04:00" endTime="2017-06-08T14:16:45.7726375-04:00" testType="13cdc9d9-ddb5-4fa4-a97d-d965ccfc6d4b" outcome="Passed" testListId="8c84fa94-04c1-424b-9868-57a2d4851a1d" relativeResultsDirectory="af706134-c39b-4693-b68c-2117da72cda5" dataRowInfo="2" resultType="DataDrivenDataRow" />
        <UnitTestResult executionId="415b5a09-ab75-47c5-b61c-41146832ee4f" parentExecutionId="af706134-c39b-4693-b68c-2117da72cda5" testId="5b08079b-f843-0b5c-7582-e06ea13f055e" testName="CalcDistanceTest" computerName="DAASH2-WIN7" duration="00:00:00.0000544" startTime="2017-06-08T14:16:45.7726375-04:00" endTime="2017-06-08T14:16:45.7726375-04:00" testType="13cdc9d9-ddb5-4fa4-a97d-d965ccfc6d4b" outcome="Passed" testListId="8c84fa94-04c1-424b-9868-57a2d4851a1d" relativeResultsDirectory="af706134-c39b-4693-b68c-2117da72cda5" dataRowInfo="3" resultType="DataDrivenDataRow" />
        <UnitTestResult executionId="f7b631cf-831c-46f3-92a7-800f3fd4d431" parentExecutionId="af706134-c39b-4693-b68c-2117da72cda5" testId="5b08079b-f843-0b5c-7582-e06ea13f055e" testName="CalcDistanceTest" computerName="DAASH2-WIN7" duration="00:00:00.0000525" startTime="2017-06-08T14:16:45.7726375-04:00" endTime="2017-06-08T14:16:45.7726375-04:00" testType="13cdc9d9-ddb5-4fa4-a97d-d965ccfc6d4b" outcome="Passed" testListId="8c84fa94-04c1-424b-9868-57a2d4851a1d" relativeResultsDirectory="af706134-c39b-4693-b68c-2117da72cda5" dataRowInfo="4" resultType="DataDrivenDataRow" />
        <UnitTestResult executionId="6723bcdc-c918-4ca9-93b0-e4e7f10c0b75" parentExecutionId="af706134-c39b-4693-b68c-2117da72cda5" testId="5b08079b-f843-0b5c-7582-e06ea13f055e" testName="CalcDistanceTest" computerName="DAASH2-WIN7" duration="00:00:00.0000418" startTime="2017-06-08T14:16:45.7726375-04:00" endTime="2017-06-08T14:16:45.7726375-04:00" testType="13cdc9d9-ddb5-4fa4-a97d-d965ccfc6d4b" outcome="Passed" testListId="8c84fa94-04c1-424b-9868-57a2d4851a1d" relativeResultsDirectory="af706134-c39b-4693-b68c-2117da72cda5" dataRowInfo="5" resultType="DataDrivenDataRow" />
        <UnitTestResult executionId="20947751-9713-4925-b84c-a140c35e0801" parentExecutionId="af706134-c39b-4693-b68c-2117da72cda5" testId="5b08079b-f843-0b5c-7582-e06ea13f055e" testName="CalcDistanceTest" computerName="DAASH2-WIN7" duration="00:00:00.0000485" startTime="2017-06-08T14:16:45.7726375-04:00" endTime="2017-06-08T14:16:45.7736380-04:00" testType="13cdc9d9-ddb5-4fa4-a97d-d965ccfc6d4b" outcome="Passed" testListId="8c84fa94-04c1-424b-9868-57a2d4851a1d" relativeResultsDirectory="af706134-c39b-4693-b68c-2117da72cda5" dataRowInfo="6" resultType="DataDrivenDataRow" />
        <UnitTestResult executionId="91c94431-1d07-47ea-af7d-19fc2b497a1f" parentExecutionId="af706134-c39b-4693-b68c-2117da72cda5" testId="5b08079b-f843-0b5c-7582-e06ea13f055e" testName="CalcDistanceTest" computerName="DAASH2-WIN7" duration="00:00:00.0000367" startTime="2017-06-08T14:16:45.7736380-04:00" endTime="2017-06-08T14:16:45.7736380-04:00" testType="13cdc9d9-ddb5-4fa4-a97d-d965ccfc6d4b" outcome="Passed" testListId="8c84fa94-04c1-424b-9868-57a2d4851a1d" relativeResultsDirectory="af706134-c39b-4693-b68c-2117da72cda5" dataRowInfo="7" resultType="DataDrivenDataRow" />
        <UnitTestResult executionId="16f463c6-7011-4e6c-9e58-39533f4ef73c" parentExecutionId="af706134-c39b-4693-b68c-2117da72cda5" testId="5b08079b-f843-0b5c-7582-e06ea13f055e" testName="CalcDistanceTest" computerName="DAASH2-WIN7" duration="00:00:00.0000367" startTime="2017-06-08T14:16:45.7736380-04:00" endTime="2017-06-08T14:16:45.7736380-04:00" testType="13cdc9d9-ddb5-4fa4-a97d-d965ccfc6d4b" outcome="Passed" testListId="8c84fa94-04c1-424b-9868-57a2d4851a1d" relativeResultsDirectory="af706134-c39b-4693-b68c-2117da72cda5" dataRowInfo="8" resultType="DataDrivenDataRow" />
        <UnitTestResult executionId="909cb2fe-aa3b-49dc-ae35-4c3f2c8a9979" parentExecutionId="af706134-c39b-4693-b68c-2117da72cda5" testId="5b08079b-f843-0b5c-7582-e06ea13f055e" testName="CalcDistanceTest" computerName="DAASH2-WIN7" duration="00:00:00.0000414" startTime="2017-06-08T14:16:45.7736380-04:00" endTime="2017-06-08T14:16:45.7736380-04:00" testType="13cdc9d9-ddb5-4fa4-a97d-d965ccfc6d4b" outcome="Passed" testListId="8c84fa94-04c1-424b-9868-57a2d4851a1d" relativeResultsDirectory="af706134-c39b-4693-b68c-2117da72cda5" dataRowInfo="9" resultType="DataDrivenDataRow" />
        <UnitTestResult executionId="f230c3e4-27e1-43e5-ac36-42962ced0c84" parentExecutionId="af706134-c39b-4693-b68c-2117da72cda5" testId="5b08079b-f843-0b5c-7582-e06ea13f055e" testName="CalcDistanceTest" computerName="DAASH2-WIN7" duration="00:00:00.0000371" startTime="2017-06-08T14:16:45.7736380-04:00" endTime="2017-06-08T14:16:45.7736380-04:00" testType="13cdc9d9-ddb5-4fa4-a97d-d965ccfc6d4b" outcome="Passed" testListId="8c84fa94-04c1-424b-9868-57a2d4851a1d" relativeResultsDirectory="af706134-c39b-4693-b68c-2117da72cda5" dataRowInfo="10" resultType="DataDrivenDataRow" />
        <UnitTestResult executionId="80a4cc85-1890-46fd-8973-d89bec47773c" parentExecutionId="af706134-c39b-4693-b68c-2117da72cda5" testId="5b08079b-f843-0b5c-7582-e06ea13f055e" testName="CalcDistanceTest" computerName="DAASH2-WIN7" duration="00:00:00.0000367" startTime="2017-06-08T14:16:45.7736380-04:00" endTime="2017-06-08T14:16:45.7736380-04:00" testType="13cdc9d9-ddb5-4fa4-a97d-d965ccfc6d4b" outcome="Passed" testListId="8c84fa94-04c1-424b-9868-57a2d4851a1d" relativeResultsDirectory="af706134-c39b-4693-b68c-2117da72cda5" dataRowInfo="11" resultType="DataDrivenDataRow" />
      </InnerResults>
    </UnitTestResult>
    <UnitTestResult executionId="e11f87ce-ecef-4750-a50e-e13688bc3b3f" testId="f089eeb3-ec6e-435c-e8e6-b04c14b96ae9" testName="CalcPaceHandlerTest" computerName="DAASH2-WIN7" duration="00:00:00.0048088" startTime="2017-06-08T14:16:45.8036530-04:00" endTime="2017-06-08T14:16:45.8126575-04:00" testType="13cdc9d9-ddb5-4fa4-a97d-d965ccfc6d4b" outcome="Passed" testListId="8c84fa94-04c1-424b-9868-57a2d4851a1d" relativeResultsDirectory="e11f87ce-ecef-4750-a50e-e13688bc3b3f">
    </UnitTestResult>
    <UnitTestResult executionId="316461aa-6c43-4256-8913-c35642a8b746" testId="36c8be55-b671-c853-89c9-248401834f41" testName="CalcPaceTest" computerName="DAASH2-WIN7" duration="00:00:00.1083145" startTime="2017-06-08T14:16:45.8376700-04:00" endTime="2017-06-08T14:16:45.9417220-04:00" testType="13cdc9d9-ddb5-4fa4-a97d-d965ccfc6d4b" outcome="Passed" testListId="8c84fa94-04c1-424b-9868-57a2d4851a1d" relativeResultsDirectory="316461aa-6c43-4256-8913-c35642a8b746" resultType="DataDrivenTest">
      <Counters error="0" failed="0" timeout="0" aborted="0" inconclusive="0" passedButRunAborted="0" notRunnable="0" notExecuted="0" disconnected="0" warning="0" passed="11" completed="0" inProgress="0" pending="0" />
      <InnerResults>
        <UnitTestResult executionId="cd5d3e1f-796a-4da9-b9ea-4948106e0f9a" parentExecutionId="316461aa-6c43-4256-8913-c35642a8b746" testId="36c8be55-b671-c853-89c9-248401834f41" testName="CalcPaceTest" computerName="DAASH2-WIN7" duration="00:00:00.0007705" startTime="2017-06-08T14:16:45.9397210-04:00" endTime="2017-06-08T14:16:45.9397210-04:00" testType="13cdc9d9-ddb5-4fa4-a97d-d965ccfc6d4b" outcome="Passed" testListId="8c84fa94-04c1-424b-9868-57a2d4851a1d" relativeResultsDirectory="316461aa-6c43-4256-8913-c35642a8b746" dataRowInfo="0" resultType="DataDrivenDataRow" />
        <UnitTestResult executionId="764e48e4-ce50-48e3-a5d8-5f9c8fda62d9" parentExecutionId="316461aa-6c43-4256-8913-c35642a8b746" testId="36c8be55-b671-c853-89c9-248401834f41" testName="CalcPaceTest" computerName="DAASH2-WIN7" duration="00:00:00.0000694" startTime="2017-06-08T14:16:45.9397210-04:00" endTime="2017-06-08T14:16:45.9407215-04:00" testType="13cdc9d9-ddb5-4fa4-a97d-d965ccfc6d4b" outcome="Passed" testListId="8c84fa94-04c1-424b-9868-57a2d4851a1d" relativeResultsDirectory="316461aa-6c43-4256-8913-c35642a8b746" dataRowInfo="1" resultType="DataDrivenDataRow" />
        <UnitTestResult executionId="736b9e5b-cad2-4332-a9ab-6d5ead65e34e" parentExecutionId="316461aa-6c43-4256-8913-c35642a8b746" testId="36c8be55-b671-c853-89c9-248401834f41" testName="CalcPaceTest" computerName="DAASH2-WIN7" duration="00:00:00.0000623" startTime="2017-06-08T14:16:45.9407215-04:00" endTime="2017-06-08T14:16:45.9407215-04:00" testType="13cdc9d9-ddb5-4fa4-a97d-d965ccfc6d4b" outcome="Passed" testListId="8c84fa94-04c1-424b-9868-57a2d4851a1d" relativeResultsDirectory="316461aa-6c43-4256-8913-c35642a8b746" dataRowInfo="2" resultType="DataDrivenDataRow" />
        <UnitTestResult executionId="adaebb90-35ec-49e9-8f0b-2aac536938c2" parentExecutionId="316461aa-6c43-4256-8913-c35642a8b746" testId="36c8be55-b671-c853-89c9-248401834f41" testName="CalcPaceTest" computerName="DAASH2-WIN7" duration="00:00:00.0000588" startTime="2017-06-08T14:16:45.9407215-04:00" endTime="2017-06-08T14:16:45.9407215-04:00" testType="13cdc9d9-ddb5-4fa4-a97d-d965ccfc6d4b" outcome="Passed" testListId="8c84fa94-04c1-424b-9868-57a2d4851a1d" relativeResultsDirectory="316461aa-6c43-4256-8913-c35642a8b746" dataRowInfo="3" resultType="DataDrivenDataRow" />
        <UnitTestResult executionId="c0497469-b13f-4daa-8a15-0714ea492bdf" parentExecutionId="316461aa-6c43-4256-8913-c35642a8b746" testId="36c8be55-b671-c853-89c9-248401834f41" testName="CalcPaceTest" computerName="DAASH2-WIN7" duration="00:00:00.0000588" startTime="2017-06-08T14:16:45.9407215-04:00" endTime="2017-06-08T14:16:45.9407215-04:00" testType="13cdc9d9-ddb5-4fa4-a97d-d965ccfc6d4b" outcome="Passed" testListId="8c84fa94-04c1-424b-9868-57a2d4851a1d" relativeResultsDirectory="316461aa-6c43-4256-8913-c35642a8b746" dataRowInfo="4" resultType="DataDrivenDataRow" />
        <UnitTestResult executionId="7c686b21-cba2-4e12-b3f4-444bfc6627d9" parentExecutionId="316461aa-6c43-4256-8913-c35642a8b746" testId="36c8be55-b671-c853-89c9-248401834f41" testName="CalcPaceTest" computerName="DAASH2-WIN7" duration="00:00:00.0000517" startTime="2017-06-08T14:16:45.9407215-04:00" endTime="2017-06-08T14:16:45.9407215-04:00" testType="13cdc9d9-ddb5-4fa4-a97d-d965ccfc6d4b" outcome="Passed" testListId="8c84fa94-04c1-424b-9868-57a2d4851a1d" relativeResultsDirectory="316461aa-6c43-4256-8913-c35642a8b746" dataRowInfo="5" resultType="DataDrivenDataRow" />
        <UnitTestResult executionId="84cde962-20a1-4e02-87c2-a2fab7f0bf00" parentExecutionId="316461aa-6c43-4256-8913-c35642a8b746" testId="36c8be55-b671-c853-89c9-248401834f41" testName="CalcPaceTest" computerName="DAASH2-WIN7" duration="00:00:00.0000532" startTime="2017-06-08T14:16:45.9407215-04:00" endTime="2017-06-08T14:16:45.9407215-04:00" testType="13cdc9d9-ddb5-4fa4-a97d-d965ccfc6d4b" outcome="Passed" testListId="8c84fa94-04c1-424b-9868-57a2d4851a1d" relativeResultsDirectory="316461aa-6c43-4256-8913-c35642a8b746" dataRowInfo="6" resultType="DataDrivenDataRow" />
        <UnitTestResult executionId="1e0bcaec-07d3-4020-87d6-3898b6c9c800" parentExecutionId="316461aa-6c43-4256-8913-c35642a8b746" testId="36c8be55-b671-c853-89c9-248401834f41" testName="CalcPaceTest" computerName="DAASH2-WIN7" duration="00:00:00.0000544" startTime="2017-06-08T14:16:45.9407215-04:00" endTime="2017-06-08T14:16:45.9407215-04:00" testType="13cdc9d9-ddb5-4fa4-a97d-d965ccfc6d4b" outcome="Passed" testListId="8c84fa94-04c1-424b-9868-57a2d4851a1d" relativeResultsDirectory="316461aa-6c43-4256-8913-c35642a8b746" dataRowInfo="7" resultType="DataDrivenDataRow" />
        <UnitTestResult executionId="cc0b3891-2484-460a-9e47-3b0837d6ee79" parentExecutionId="316461aa-6c43-4256-8913-c35642a8b746" testId="36c8be55-b671-c853-89c9-248401834f41" testName="CalcPaceTest" computerName="DAASH2-WIN7" duration="00:00:00.0000536" startTime="2017-06-08T14:16:45.9407215-04:00" endTime="2017-06-08T14:16:45.9407215-04:00" testType="13cdc9d9-ddb5-4fa4-a97d-d965ccfc6d4b" outcome="Passed" testListId="8c84fa94-04c1-424b-9868-57a2d4851a1d" relativeResultsDirectory="316461aa-6c43-4256-8913-c35642a8b746" dataRowInfo="8" resultType="DataDrivenDataRow" />
        <UnitTestResult executionId="a24d004d-dd00-4e46-acfd-6bf728f2cb18" parentExecutionId="316461aa-6c43-4256-8913-c35642a8b746" testId="36c8be55-b671-c853-89c9-248401834f41" testName="CalcPaceTest" computerName="DAASH2-WIN7" duration="00:00:00.0000536" startTime="2017-06-08T14:16:45.9407215-04:00" endTime="2017-06-08T14:16:45.9407215-04:00" testType="13cdc9d9-ddb5-4fa4-a97d-d965ccfc6d4b" outcome="Passed" testListId="8c84fa94-04c1-424b-9868-57a2d4851a1d" relativeResultsDirectory="316461aa-6c43-4256-8913-c35642a8b746" dataRowInfo="9" resultType="DataDrivenDataRow" />
        <UnitTestResult executionId="1511581e-299a-4b70-a270-e9e2aa068bb5" parentExecutionId="316461aa-6c43-4256-8913-c35642a8b746" testId="36c8be55-b671-c853-89c9-248401834f41" testName="CalcPaceTest" computerName="DAASH2-WIN7" duration="00:00:00.0000588" startTime="2017-06-08T14:16:45.9407215-04:00" endTime="2017-06-08T14:16:45.9407215-04:00" testType="13cdc9d9-ddb5-4fa4-a97d-d965ccfc6d4b" outcome="Passed" testListId="8c84fa94-04c1-424b-9868-57a2d4851a1d" relativeResultsDirectory="316461aa-6c43-4256-8913-c35642a8b746" dataRowInfo="10" resultType="DataDrivenDataRow" />
      </InnerResults>
    </UnitTestResult>
    <UnitTestResult executionId="8c46b556-b1fc-4e17-9e1f-2c2f1deb2e65" testId="d6d419f2-d50b-1ed7-bbff-6b4d717138a3" testName="CalcSplitsHandlerTest" computerName="DAASH2-WIN7" duration="00:00:00.0113853" startTime="2017-06-08T14:16:45.9637330-04:00" endTime="2017-06-08T14:16:45.9787405-04:00" testType="13cdc9d9-ddb5-4fa4-a97d-d965ccfc6d4b" outcome="Passed" testListId="8c84fa94-04c1-424b-9868-57a2d4851a1d" relativeResultsDirectory="8c46b556-b1fc-4e17-9e1f-2c2f1deb2e65">
    </UnitTestResult>
    <UnitTestResult executionId="83139e52-8a68-40e7-8178-fe4bbc10ba67" testId="48fda642-36d1-d54a-bcac-2f1a04f4134e" testName="CalcSplitsTest" computerName="DAASH2-WIN7" duration="00:00:00.1248612" startTime="2017-06-08T14:16:46.0017520-04:00" endTime="2017-06-08T14:16:46.1238130-04:00" testType="13cdc9d9-ddb5-4fa4-a97d-d965ccfc6d4b" outcome="Passed" testListId="8c84fa94-04c1-424b-9868-57a2d4851a1d" relativeResultsDirectory="83139e52-8a68-40e7-8178-fe4bbc10ba67" resultType="DataDrivenTest">
      <Counters error="0" failed="0" timeout="0" aborted="0" inconclusive="0" passedButRunAborted="0" notRunnable="0" notExecuted="0" disconnected="0" warning="0" passed="10" completed="0" inProgress="0" pending="0" />
      <InnerResults>
        <UnitTestResult executionId="cdf2ca25-e5d4-4745-8f7e-65aed622548c" parentExecutionId="83139e52-8a68-40e7-8178-fe4bbc10ba67" testId="48fda642-36d1-d54a-bcac-2f1a04f4134e" testName="CalcSplitsTest" computerName="DAASH2-WIN7" duration="00:00:00.0034118" startTime="2017-06-08T14:16:46.0998010-04:00" endTime="2017-06-08T14:16:46.1028025-04:00" testType="13cdc9d9-ddb5-4fa4-a97d-d965ccfc6d4b" outcome="Passed" testListId="8c84fa94-04c1-424b-9868-57a2d4851a1d" relativeResultsDirectory="83139e52-8a68-40e7-8178-fe4bbc10ba67" dataRowInfo="0" resultType="DataDrivenDataRow" />
        <UnitTestResult executionId="197872bc-d9d8-47ee-8d8e-438787509f48" parentExecutionId="83139e52-8a68-40e7-8178-fe4bbc10ba67" testId="48fda642-36d1-d54a-bcac-2f1a04f4134e" testName="CalcSplitsTest" computerName="DAASH2-WIN7" duration="00:00:00.0043615" startTime="2017-06-08T14:16:46.1028025-04:00" endTime="2017-06-08T14:16:46.1068045-04:00" testType="13cdc9d9-ddb5-4fa4-a97d-d965ccfc6d4b" outcome="Passed" testListId="8c84fa94-04c1-424b-9868-57a2d4851a1d" relativeResultsDirectory="83139e52-8a68-40e7-8178-fe4bbc10ba67" dataRowInfo="1" resultType="DataDrivenDataRow" />
        <UnitTestResult executionId="e2a2b548-8a21-4ceb-93a6-995d5dd38836" parentExecutionId="83139e52-8a68-40e7-8178-fe4bbc10ba67" testId="48fda642-36d1-d54a-bcac-2f1a04f4134e" testName="CalcSplitsTest" computerName="DAASH2-WIN7" duration="00:00:00.0030569" startTime="2017-06-08T14:16:46.1068045-04:00" endTime="2017-06-08T14:16:46.1118070-04:00" testType="13cdc9d9-ddb5-4fa4-a97d-d965ccfc6d4b" outcome="Passed" testListId="8c84fa94-04c1-424b-9868-57a2d4851a1d" relativeResultsDirectory="83139e52-8a68-40e7-8178-fe4bbc10ba67" dataRowInfo="2" resultType="DataDrivenDataRow" />
        <UnitTestResult executionId="020fdbab-c364-415d-a662-fb6772cac09f" parentExecutionId="83139e52-8a68-40e7-8178-fe4bbc10ba67" testId="48fda642-36d1-d54a-bcac-2f1a04f4134e" testName="CalcSplitsTest" computerName="DAASH2-WIN7" duration="00:00:00.0016528" startTime="2017-06-08T14:16:46.1118070-04:00" endTime="2017-06-08T14:16:46.1138080-04:00" testType="13cdc9d9-ddb5-4fa4-a97d-d965ccfc6d4b" outcome="Passed" testListId="8c84fa94-04c1-424b-9868-57a2d4851a1d" relativeResultsDirectory="83139e52-8a68-40e7-8178-fe4bbc10ba67" dataRowInfo="3" resultType="DataDrivenDataRow" />
        <UnitTestResult executionId="f2d837d3-37b2-4fa6-b245-defffbdd67d8" parentExecutionId="83139e52-8a68-40e7-8178-fe4bbc10ba67" testId="48fda642-36d1-d54a-bcac-2f1a04f4134e" testName="CalcSplitsTest" computerName="DAASH2-WIN7" duration="00:00:00.0022030" startTime="2017-06-08T14:16:46.1138080-04:00" endTime="2017-06-08T14:16:46.1158090-04:00" testType="13cdc9d9-ddb5-4fa4-a97d-d965ccfc6d4b" outcome="Passed" testListId="8c84fa94-04c1-424b-9868-57a2d4851a1d" relativeResultsDirectory="83139e52-8a68-40e7-8178-fe4bbc10ba67" dataRowInfo="4" resultType="DataDrivenDataRow" />
        <UnitTestResult executionId="132bb314-2105-4b1e-bf22-6c07c5e6966d" parentExecutionId="83139e52-8a68-40e7-8178-fe4bbc10ba67" testId="48fda642-36d1-d54a-bcac-2f1a04f4134e" testName="CalcSplitsTest" computerName="DAASH2-WIN7" duration="00:00:00.0008352" startTime="2017-06-08T14:16:46.1158090-04:00" endTime="2017-06-08T14:16:46.1168095-04:00" testType="13cdc9d9-ddb5-4fa4-a97d-d965ccfc6d4b" outcome="Passed" testListId="8c84fa94-04c1-424b-9868-57a2d4851a1d" relativeResultsDirectory="83139e52-8a68-40e7-8178-fe4bbc10ba67" dataRowInfo="5" resultType="DataDrivenDataRow" />
        <UnitTestResult executionId="eaa2ed80-8a17-45ea-b7a8-9412c2f2a9c9" parentExecutionId="83139e52-8a68-40e7-8178-fe4bbc10ba67" testId="48fda642-36d1-d54a-bcac-2f1a04f4134e" testName="CalcSplitsTest" computerName="DAASH2-WIN7" duration="00:00:00.0024963" startTime="2017-06-08T14:16:46.1168095-04:00" endTime="2017-06-08T14:16:46.1198110-04:00" testType="13cdc9d9-ddb5-4fa4-a97d-d965ccfc6d4b" outcome="Passed" testListId="8c84fa94-04c1-424b-9868-57a2d4851a1d" relativeResultsDirectory="83139e52-8a68-40e7-8178-fe4bbc10ba67" dataRowInfo="6" resultType="DataDrivenDataRow" />
        <UnitTestResult executionId="ad47a634-1ad0-4241-a460-f0c6c2f89268" parentExecutionId="83139e52-8a68-40e7-8178-fe4bbc10ba67" testId="48fda642-36d1-d54a-bcac-2f1a04f4134e" testName="CalcSplitsTest" computerName="DAASH2-WIN7" duration="00:00:00.0007969" startTime="2017-06-08T14:16:46.1198110-04:00" endTime="2017-06-08T14:16:46.1198110-04:00" testType="13cdc9d9-ddb5-4fa4-a97d-d965ccfc6d4b" outcome="Passed" testListId="8c84fa94-04c1-424b-9868-57a2d4851a1d" relativeResultsDirectory="83139e52-8a68-40e7-8178-fe4bbc10ba67" dataRowInfo="7" resultType="DataDrivenDataRow" />
[...]
    </UnitTestResult>
    <UnitTestResult executionId="745f7dff-840c-465c-9279-99d7633778a8" testId="cdee312b-8e90-0649-5f25-07300671b75f" testName="PaceTest" computerName="DAASH2-WIN7" duration="00:00:00.1104209" startTime="2017-06-08T14:16:49.8496750-04:00" endTime="2017-06-08T14:16:49.9527265-04:00" testType="13cdc9d9-ddb5-4fa4-a97d-d965ccfc6d4b" outcome="Passed" testListId="8c84fa94-04c1-424b-9868-57a2d4851a1d" relativeResultsDirectory="745f7dff-840c-465c-9279-99d7633778a8" resultType="DataDrivenTest">
      <Counters error="0" failed="0" timeout="0" aborted="0" inconclusive="0" passedButRunAborted="0" notRunnable="0" notExecuted="0" disconnected="0" warning="0" passed="4" completed="0" inProgress="0" pending="0" />
      <InnerResults>
        <UnitTestResult executionId="185869d6-ef45-435e-b20c-a740c63539ef" parentExecutionId="745f7dff-840c-465c-9279-99d7633778a8" testId="cdee312b-8e90-0649-5f25-07300671b75f" testName="PaceTest" computerName="DAASH2-WIN7" duration="00:00:00.0004796" startTime="2017-06-08T14:16:49.9517260-04:00" endTime="2017-06-08T14:16:49.9517260-04:00" testType="13cdc9d9-ddb5-4fa4-a97d-d965ccfc6d4b" outcome="Passed" testListId="8c84fa94-04c1-424b-9868-57a2d4851a1d" relativeResultsDirectory="745f7dff-840c-465c-9279-99d7633778a8" dataRowInfo="0" resultType="DataDrivenDataRow" />
        <UnitTestResult executionId="9ba11d31-6f0a-43ce-9a0b-7be58fd1b245" parentExecutionId="745f7dff-840c-465c-9279-99d7633778a8" testId="cdee312b-8e90-0649-5f25-07300671b75f" testName="PaceTest" computerName="DAASH2-WIN7" duration="00:00:00.0001507" startTime="2017-06-08T14:16:49.9517260-04:00" endTime="2017-06-08T14:16:49.9517260-04:00" testType="13cdc9d9-ddb5-4fa4-a97d-d965ccfc6d4b" outcome="Passed" testListId="8c84fa94-04c1-424b-9868-57a2d4851a1d" relativeResultsDirectory="745f7dff-840c-465c-9279-99d7633778a8" dataRowInfo="1" resultType="DataDrivenDataRow" />
        <UnitTestResult executionId="1d9cc6e5-cd28-4e4f-b15b-d3c98c47b76a" parentExecutionId="745f7dff-840c-465c-9279-99d7633778a8" testId="cdee312b-8e90-0649-5f25-07300671b75f" testName="PaceTest" computerName="DAASH2-WIN7" duration="00:00:00.0001381" startTime="2017-06-08T14:16:49.9517260-04:00" endTime="2017-06-08T14:16:49.9517260-04:00" testType="13cdc9d9-ddb5-4fa4-a97d-d965ccfc6d4b" outcome="Passed" testListId="8c84fa94-04c1-424b-9868-57a2d4851a1d" relativeResultsDirectory="745f7dff-840c-465c-9279-99d7633778a8" dataRowInfo="2" resultType="DataDrivenDataRow" />
        <UnitTestResult executionId="2fef7175-db4e-4950-b2ee-b930f0249d86" parentExecutionId="745f7dff-840c-465c-9279-99d7633778a8" testId="cdee312b-8e90-0649-5f25-07300671b75f" testName="PaceTest" computerName="DAASH2-WIN7" duration="00:00:00.0000892" startTime="2017-06-08T14:16:49.9517260-04:00" endTime="2017-06-08T14:16:49.9527265-04:00" testType="13cdc9d9-ddb5-4fa4-a97d-d965ccfc6d4b" outcome="Passed" testListId="8c84fa94-04c1-424b-9868-57a2d4851a1d" relativeResultsDirectory="745f7dff-840c-465c-9279-99d7633778a8" dataRowInfo="3" resultType="DataDrivenDataRow" />
      </InnerResults>
    </UnitTestResult>
    <UnitTestResult executionId="2c1afc93-89a5-45e6-ab8f-51b91e4ee71e" testId="ce0066b6-b9f3-6fe3-365a-46a9b93b4d88" testName="PaceTwiceTest" computerName="DAASH2-WIN7" duration="00:00:00.0004184" startTime="2017-06-08T14:16:49.9767385-04:00" endTime="2017-06-08T14:16:49.9857430-04:00" testType="13cdc9d9-ddb5-4fa4-a97d-d965ccfc6d4b" outcome="Passed" testListId="8c84fa94-04c1-424b-9868-57a2d4851a1d" relativeResultsDirectory="2c1afc93-89a5-45e6-ab8f-51b91e4ee71e">
    </UnitTestResult>
    <UnitTestResult executionId="aa51b760-c87c-410d-b053-5f15e4e6d1cf" testId="88e9e763-50a1-d22c-31e9-0d57466f47e5" testName="PaceTypeSetTest" computerName="DAASH2-WIN7" duration="00:00:00.1073762" startTime="2017-06-08T14:16:50.0067535-04:00" endTime="2017-06-08T14:16:50.1118060-04:00" testType="13cdc9d9-ddb5-4fa4-a97d-d965ccfc6d4b" outcome="Passed" testListId="8c84fa94-04c1-424b-9868-57a2d4851a1d" relativeResultsDirectory="aa51b760-c87c-410d-b053-5f15e4e6d1cf" resultType="DataDrivenTest">
      <Counters error="0" failed="0" timeout="0" aborted="0" inconclusive="0" passedButRunAborted="0" notRunnable="0" notExecuted="0" disconnected="0" warning="0" passed="3" completed="0" inProgress="0" pending="0" />
      <InnerResults>
        <UnitTestResult executionId="98f75752-b953-4362-9ccc-e59f2e76f995" parentExecutionId="aa51b760-c87c-410d-b053-5f15e4e6d1cf" testId="88e9e763-50a1-d22c-31e9-0d57466f47e5" testName="PaceTypeSetTest" computerName="DAASH2-WIN7" duration="00:00:00.0008676" startTime="2017-06-08T14:16:50.1078040-04:00" endTime="2017-06-08T14:16:50.1088045-04:00" testType="13cdc9d9-ddb5-4fa4-a97d-d965ccfc6d4b" outcome="Passed" testListId="8c84fa94-04c1-424b-9868-57a2d4851a1d" relativeResultsDirectory="aa51b760-c87c-410d-b053-5f15e4e6d1cf" dataRowInfo="0" resultType="DataDrivenDataRow" />
        <UnitTestResult executionId="c1fe019c-8603-4473-9b2e-2a5945907a4c" parentExecutionId="aa51b760-c87c-410d-b053-5f15e4e6d1cf" testId="88e9e763-50a1-d22c-31e9-0d57466f47e5" testName="PaceTypeSetTest" computerName="DAASH2-WIN7" duration="00:00:00.0001515" startTime="2017-06-08T14:16:50.1088045-04:00" endTime="2017-06-08T14:16:50.1088045-04:00" testType="13cdc9d9-ddb5-4fa4-a97d-d965ccfc6d4b" outcome="Passed" testListId="8c84fa94-04c1-424b-9868-57a2d4851a1d" relativeResultsDirectory="aa51b760-c87c-410d-b053-5f15e4e6d1cf" dataRowInfo="1" resultType="DataDrivenDataRow" />
        <UnitTestResult executionId="a5ad131a-82dd-4772-adb1-7751fbf94c5d" parentExecutionId="aa51b760-c87c-410d-b053-5f15e4e6d1cf" testId="88e9e763-50a1-d22c-31e9-0d57466f47e5" testName="PaceTypeSetTest" computerName="DAASH2-WIN7" duration="00:00:00.0001318" startTime="2017-06-08T14:16:50.1088045-04:00" endTime="2017-06-08T14:16:50.1088045-04:00" testType="13cdc9d9-ddb5-4fa4-a97d-d965ccfc6d4b" outcome="Passed" testListId="8c84fa94-04c1-424b-9868-57a2d4851a1d" relativeResultsDirectory="aa51b760-c87c-410d-b053-5f15e4e6d1cf" dataRowInfo="2" resultType="DataDrivenDataRow" />
      </InnerResults>
    </UnitTestResult>
    <UnitTestResult executionId="a85926e2-44e1-4df8-944a-2b020b24853f" testId="573f90a6-3bed-88d9-2989-a37fdef43705" testName="ShowSplitGridTest" computerName="DAASH2-WIN7" duration="00:00:00.1774727" startTime="2017-06-08T14:16:50.1318160-04:00" endTime="2017-06-08T14:16:50.2958980-04:00" testType="13cdc9d9-ddb5-4fa4-a97d-d965ccfc6d4b" outcome="Passed" testListId="8c84fa94-04c1-424b-9868-57a2d4851a1d" relativeResultsDirectory="a85926e2-44e1-4df8-944a-2b020b24853f" resultType="DataDrivenTest">
      <Counters error="0" failed="0" timeout="0" aborted="0" inconclusive="0" passedButRunAborted="0" notRunnable="0" notExecuted="0" disconnected="0" warning="0" passed="3" completed="0" inProgress="0" pending="0" />
      <InnerResults>
        <UnitTestResult executionId="194b8ab6-f08e-4134-9ac5-0378aa26e038" parentExecutionId="a85926e2-44e1-4df8-944a-2b020b24853f" testId="573f90a6-3bed-88d9-2989-a37fdef43705" testName="ShowSplitGridTest" computerName="DAASH2-WIN7" duration="00:00:00.0676178" startTime="2017-06-08T14:16:50.2348675-04:00" endTime="2017-06-08T14:16:50.2948975-04:00" testType="13cdc9d9-ddb5-4fa4-a97d-d965ccfc6d4b" outcome="Passed" testListId="8c84fa94-04c1-424b-9868-57a2d4851a1d" relativeResultsDirectory="a85926e2-44e1-4df8-944a-2b020b24853f" dataRowInfo="0" resultType="DataDrivenDataRow" />
        <UnitTestResult executionId="e4c484f6-0ec3-4215-8e85-4f384a944cc6" parentExecutionId="a85926e2-44e1-4df8-944a-2b020b24853f" testId="573f90a6-3bed-88d9-2989-a37fdef43705" testName="ShowSplitGridTest" computerName="DAASH2-WIN7" duration="00:00:00.0000919" startTime="2017-06-08T14:16:50.2948975-04:00" endTime="2017-06-08T14:16:50.2948975-04:00" testType="13cdc9d9-ddb5-4fa4-a97d-d965ccfc6d4b" outcome="Passed" testListId="8c84fa94-04c1-424b-9868-57a2d4851a1d" relativeResultsDirectory="a85926e2-44e1-4df8-944a-2b020b24853f" dataRowInfo="1" resultType="DataDrivenDataRow" />
        <UnitTestResult executionId="288eda6f-eefb-4be7-b962-d35b35e526fb" parentExecutionId="a85926e2-44e1-4df8-944a-2b020b24853f" testId="573f90a6-3bed-88d9-2989-a37fdef43705" testName="ShowSplitGridTest" computerName="DAASH2-WIN7" duration="00:00:00.0000750" startTime="2017-06-08T14:16:50.2948975-04:00" endTime="2017-06-08T14:16:50.2948975-04:00" testType="13cdc9d9-ddb5-4fa4-a97d-d965ccfc6d4b" outcome="Passed" testListId="8c84fa94-04c1-424b-9868-57a2d4851a1d" relativeResultsDirectory="a85926e2-44e1-4df8-944a-2b020b24853f" dataRowInfo="2" resultType="DataDrivenDataRow" />
      </InnerResults>
    </UnitTestResult>
    <UnitTestResult executionId="0ce68bd4-424d-4528-bd24-36c7c6db0737" testId="7e003815-3c82-2ef5-04be-edaf88856429" testName="ShowSplitsEnableTest" computerName="DAASH2-WIN7" duration="00:00:00.0009181" startTime="2017-06-08T14:16:50.3179090-04:00" endTime="2017-06-08T14:16:50.3219110-04:00" testType="13cdc9d9-ddb5-4fa4-a97d-d965ccfc6d4b" outcome="Passed" testListId="8c84fa94-04c1-424b-9868-57a2d4851a1d" relativeResultsDirectory="0ce68bd4-424d-4528-bd24-36c7c6db0737">
    </UnitTestResult>
    <UnitTestResult executionId="902c5365-8821-4da2-a0e7-f49440577a3c" testId="b33c5b05-4e03-9576-bffe-c586615e2605" testName="ShowSplitsTest" computerName="DAASH2-WIN7" duration="00:00:00.0012280" startTime="2017-06-08T14:16:50.3429215-04:00" endTime="2017-06-08T14:16:50.3479240-04:00" testType="13cdc9d9-ddb5-4fa4-a97d-d965ccfc6d4b" outcome="Passed" testListId="8c84fa94-04c1-424b-9868-57a2d4851a1d" relativeResultsDirectory="902c5365-8821-4da2-a0e7-f49440577a3c">
    </UnitTestResult>
    <UnitTestResult executionId="85c5a90f-de15-4fa1-abd4-b75246592c0e" testId="effcf5e9-44fb-ca50-0e92-13a75fa3e826" testName="SplitDistanceTest" computerName="DAASH2-WIN7" duration="00:00:00.1147568" startTime="2017-06-08T14:16:50.3699350-04:00" endTime="2017-06-08T14:16:50.4759880-04:00" testType="13cdc9d9-ddb5-4fa4-a97d-d965ccfc6d4b" outcome="Passed" testListId="8c84fa94-04c1-424b-9868-57a2d4851a1d" relativeResultsDirectory="85c5a90f-de15-4fa1-abd4-b75246592c0e" resultType="DataDrivenTest">
      <Counters error="0" failed="0" timeout="0" aborted="0" inconclusive="0" passedButRunAborted="0" notRunnable="0" notExecuted="0" disconnected="0" warning="0" passed="3" completed="0" inProgress="0" pending="0" />
      <InnerResults>
        <UnitTestResult executionId="cce2111e-dad9-455d-bc15-4f850dc3ddc4" parentExecutionId="85c5a90f-de15-4fa1-abd4-b75246592c0e" testId="effcf5e9-44fb-ca50-0e92-13a75fa3e826" testName="SplitDistanceTest" computerName="DAASH2-WIN7" duration="00:00:00.0008423" startTime="2017-06-08T14:16:50.4739870-04:00" endTime="2017-06-08T14:16:50.4749875-04:00" testType="13cdc9d9-ddb5-4fa4-a97d-d965ccfc6d4b" outcome="Passed" testListId="8c84fa94-04c1-424b-9868-57a2d4851a1d" relativeResultsDirectory="85c5a90f-de15-4fa1-abd4-b75246592c0e" dataRowInfo="0" resultType="DataDrivenDataRow" />
        <UnitTestResult executionId="1360e13c-d148-4b5e-a69a-8a03659ec6b0" parentExecutionId="85c5a90f-de15-4fa1-abd4-b75246592c0e" testId="effcf5e9-44fb-ca50-0e92-13a75fa3e826" testName="SplitDistanceTest" computerName="DAASH2-WIN7" duration="00:00:00.0001472" startTime="2017-06-08T14:16:50.4749875-04:00" endTime="2017-06-08T14:16:50.4749875-04:00" testType="13cdc9d9-ddb5-4fa4-a97d-d965ccfc6d4b" outcome="Passed" testListId="8c84fa94-04c1-424b-9868-57a2d4851a1d" relativeResultsDirectory="85c5a90f-de15-4fa1-abd4-b75246592c0e" dataRowInfo="1" resultType="DataDrivenDataRow" />
        <UnitTestResult executionId="40f46094-c178-47d8-82a0-ceb89958b75e" parentExecutionId="85c5a90f-de15-4fa1-abd4-b75246592c0e" testId="effcf5e9-44fb-ca50-0e92-13a75fa3e826" testName="SplitDistanceTest" computerName="DAASH2-WIN7" duration="00:00:00.0001267" startTime="2017-06-08T14:16:50.4749875-04:00" endTime="2017-06-08T14:16:50.4749875-04:00" testType="13cdc9d9-ddb5-4fa4-a97d-d965ccfc6d4b" outcome="Passed" testListId="8c84fa94-04c1-424b-9868-57a2d4851a1d" relativeResultsDirectory="85c5a90f-de15-4fa1-abd4-b75246592c0e" dataRowInfo="2" resultType="DataDrivenDataRow" />
      </InnerResults>
    </UnitTestResult>
    <UnitTestResult executionId="bf8f4ed9-24b2-43a0-b418-3ea6b3bcdfa1" testId="0c0655bb-22bf-63b6-83b8-0b1deea9e622" testName="SplitDistanceTwiceTest" computerName="DAASH2-WIN7" duration="00:00:00.0010958" startTime="2017-06-08T14:16:50.4979990-04:00" endTime="2017-06-08T14:16:50.5020010-04:00" testType="13cdc9d9-ddb5-4fa4-a97d-d965ccfc6d4b" outcome="Passed" testListId="8c84fa94-04c1-424b-9868-57a2d4851a1d" relativeResultsDirectory="bf8f4ed9-24b2-43a0-b418-3ea6b3bcdfa1">
    </UnitTestResult>
    <UnitTestResult executionId="64193053-0bb7-4d2e-8e5b-a18724221966" testId="c8c6d4e8-f26a-57ab-78fa-237db9384f8d" testName="SplitDistanceTypeSetTest" computerName="DAASH2-WIN7" duration="00:00:00.1054585" startTime="2017-06-08T14:16:50.5250125-04:00" endTime="2017-06-08T14:16:50.6290645-04:00" testType="13cdc9d9-ddb5-4fa4-a97d-d965ccfc6d4b" outcome="Passed" testListId="8c84fa94-04c1-424b-9868-57a2d4851a1d" relativeResultsDirectory="64193053-0bb7-4d2e-8e5b-a18724221966" resultType="DataDrivenTest">
      <Counters error="0" failed="0" timeout="0" aborted="0" inconclusive="0" passedButRunAborted="0" notRunnable="0" notExecuted="0" disconnected="0" warning="0" passed="3" completed="0" inProgress="0" pending="0" />
      <InnerResults>
        <UnitTestResult executionId="1dbccf91-a6a8-486e-bbcd-34e064158106" parentExecutionId="64193053-0bb7-4d2e-8e5b-a18724221966" testId="c8c6d4e8-f26a-57ab-78fa-237db9384f8d" testName="SplitDistanceTypeSetTest" computerName="DAASH2-WIN7" duration="00:00:00.0008498" startTime="2017-06-08T14:16:50.6260630-04:00" endTime="2017-06-08T14:16:50.6270635-04:00" testType="13cdc9d9-ddb5-4fa4-a97d-d965ccfc6d4b" outcome="Passed" testListId="8c84fa94-04c1-424b-9868-57a2d4851a1d" relativeResultsDirectory="64193053-0bb7-4d2e-8e5b-a18724221966" dataRowInfo="0" resultType="DataDrivenDataRow" />
        <UnitTestResult executionId="d78624bf-77e2-4804-9b0d-0eba15cb1cf0" parentExecutionId="64193053-0bb7-4d2e-8e5b-a18724221966" testId="c8c6d4e8-f26a-57ab-78fa-237db9384f8d" testName="SplitDistanceTypeSetTest" computerName="DAASH2-WIN7" duration="00:00:00.0001578" startTime="2017-06-08T14:16:50.6270635-04:00" endTime="2017-06-08T14:16:50.6270635-04:00" testType="13cdc9d9-ddb5-4fa4-a97d-d965ccfc6d4b" outcome="Passed" testListId="8c84fa94-04c1-424b-9868-57a2d4851a1d" relativeResultsDirectory="64193053-0bb7-4d2e-8e5b-a18724221966" dataRowInfo="1" resultType="DataDrivenDataRow" />
        <UnitTestResult executionId="8b7a5f50-ec7a-4e6b-9c1b-0c3e3d092d0d" parentExecutionId="64193053-0bb7-4d2e-8e5b-a18724221966" testId="c8c6d4e8-f26a-57ab-78fa-237db9384f8d" testName="SplitDistanceTypeSetTest" computerName="DAASH2-WIN7" duration="00:00:00.0001314" startTime="2017-06-08T14:16:50.6270635-04:00" endTime="2017-06-08T14:16:50.6270635-04:00" testType="13cdc9d9-ddb5-4fa4-a97d-d965ccfc6d4b" outcome="Passed" testListId="8c84fa94-04c1-424b-9868-57a2d4851a1d" relativeResultsDirectory="64193053-0bb7-4d2e-8e5b-a18724221966" dataRowInfo="2" resultType="DataDrivenDataRow" />
      </InnerResults>
    </UnitTestResult>
    <UnitTestResult executionId="e3df4858-b4d1-47fb-88e3-67ff8d845a30" testId="d1442d91-5860-1bda-fad4-fc32b687d676" testName="SplitListTest" computerName="DAASH2-WIN7" duration="00:00:00.0020412" startTime="2017-06-08T14:16:50.6490745-04:00" endTime="2017-06-08T14:16:50.6540770-04:00" testType="13cdc9d9-ddb5-4fa4-a97d-d965ccfc6d4b" outcome="Passed" testListId="8c84fa94-04c1-424b-9868-57a2d4851a1d" relativeResultsDirectory="e3df4858-b4d1-47fb-88e3-67ff8d845a30">
    </UnitTestResult>
    <UnitTestResult executionId="ec575017-4929-4e47-839b-ba201c24ba11" testId="ea423c44-659f-0f83-73d3-7bee7f981cb7" testName="TimeTest" computerName="DAASH2-WIN7" duration="00:00:00.1106128" startTime="2017-06-08T14:16:50.6760880-04:00" endTime="2017-06-08T14:16:50.7811405-04:00" testType="13cdc9d9-ddb5-4fa4-a97d-d965ccfc6d4b" outcome="Passed" testListId="8c84fa94-04c1-424b-9868-57a2d4851a1d" relativeResultsDirectory="ec575017-4929-4e47-839b-ba201c24ba11" resultType="DataDrivenTest">
      <Counters error="0" failed="0" timeout="0" aborted="0" inconclusive="0" passedButRunAborted="0" notRunnable="0" notExecuted="0" disconnected="0" warning="0" passed="4" completed="0" inProgress="0" pending="0" />
      <InnerResults>
        <UnitTestResult executionId="9ce7b2ee-6bc5-4f91-aef2-a58fd247b89e" parentExecutionId="ec575017-4929-4e47-839b-ba201c24ba11" testId="ea423c44-659f-0f83-73d3-7bee7f981cb7" testName="TimeTest" computerName="DAASH2-WIN7" duration="00:00:00.0004480" startTime="2017-06-08T14:16:50.7791395-04:00" endTime="2017-06-08T14:16:50.7791395-04:00" testType="13cdc9d9-ddb5-4fa4-a97d-d965ccfc6d4b" outcome="Passed" testListId="8c84fa94-04c1-424b-9868-57a2d4851a1d" relativeResultsDirectory="ec575017-4929-4e47-839b-ba201c24ba11" dataRowInfo="0" resultType="DataDrivenDataRow" />
        <UnitTestResult executionId="ad9d6283-67b3-4be9-91ff-ef52fbe607cf" parentExecutionId="ec575017-4929-4e47-839b-ba201c24ba11" testId="ea423c44-659f-0f83-73d3-7bee7f981cb7" testName="TimeTest" computerName="DAASH2-WIN7" duration="00:00:00.0001511" startTime="2017-06-08T14:16:50.7791395-04:00" endTime="2017-06-08T14:16:50.7791395-04:00" testType="13cdc9d9-ddb5-4fa4-a97d-d965ccfc6d4b" outcome="Passed" testListId="8c84fa94-04c1-424b-9868-57a2d4851a1d" relativeResultsDirectory="ec575017-4929-4e47-839b-ba201c24ba11" dataRowInfo="1" resultType="DataDrivenDataRow" />
        <UnitTestResult executionId="6dd5ba3b-6434-4dee-b5b9-3010fec3ed39" parentExecutionId="ec575017-4929-4e47-839b-ba201c24ba11" testId="ea423c44-659f-0f83-73d3-7bee7f981cb7" testName="TimeTest" computerName="DAASH2-WIN7" duration="00:00:00.0001444" startTime="2017-06-08T14:16:50.7791395-04:00" endTime="2017-06-08T14:16:50.7801400-04:00" testType="13cdc9d9-ddb5-4fa4-a97d-d965ccfc6d4b" outcome="Passed" testListId="8c84fa94-04c1-424b-9868-57a2d4851a1d" relativeResultsDirectory="ec575017-4929-4e47-839b-ba201c24ba11" dataRowInfo="2" resultType="DataDrivenDataRow" />
        <UnitTestResult executionId="cfd1bf22-18c7-4a03-a5b5-21d3d431336c" parentExecutionId="ec575017-4929-4e47-839b-ba201c24ba11" testId="ea423c44-659f-0f83-73d3-7bee7f981cb7" testName="TimeTest" computerName="DAASH2-WIN7" duration="00:00:00.0000852" startTime="2017-06-08T14:16:50.7801400-04:00" endTime="2017-06-08T14:16:50.7801400-04:00" testType="13cdc9d9-ddb5-4fa4-a97d-d965ccfc6d4b" outcome="Passed" testListId="8c84fa94-04c1-424b-9868-57a2d4851a1d" relativeResultsDirectory="ec575017-4929-4e47-839b-ba201c24ba11" dataRowInfo="3" resultType="DataDrivenDataRow" />
      </InnerResults>
    </UnitTestResult>
    <UnitTestResult executionId="8ba75056-d697-42b2-95b2-0f18376eaad9" testId="628f7736-f01d-1d02-7408-c5c960f05aa3" testName="TimeTwiceTest" computerName="DAASH2-WIN7" duration="00:00:00.0010350" startTime="2017-06-08T14:16:50.8351675-04:00" endTime="2017-06-08T14:16:50.8431715-04:00" testType="13cdc9d9-ddb5-4fa4-a97d-d965ccfc6d4b" outcome="Passed" testListId="8c84fa94-04c1-424b-9868-57a2d4851a1d" relativeResultsDirectory="8ba75056-d697-42b2-95b2-0f18376eaad9">
    </UnitTestResult>
    <UnitTestResult executionId="f9b4bf3e-f85b-4832-bf31-c29738f479a6" testId="8e50d2f6-acf1-6072-7c91-a2c4d972e8e7" testName="WpfTest" computerName="DAASH2-WIN7" duration="00:00:00.0004338" startTime="2017-06-08T14:16:50.8681840-04:00" endTime="2017-06-08T14:16:50.8721860-04:00" testType="13cdc9d9-ddb5-4fa4-a97d-d965ccfc6d4b" outcome="Passed" testListId="8c84fa94-04c1-424b-9868-57a2d4851a1d" relativeResultsDirectory="f9b4bf3e-f85b-4832-bf31-c29738f479a6">
    </UnitTestResult>
  </Results>
</TestRun>